[DEBUG] Migration already effectively installed (skipped): \phpbb\db\migration\data\v330\add_display_unapproved_posts_config
[DEBUG] Migration already effectively installed (skipped): \phpbb\db\migration\data\v330\v330b1
[DEBUG] Migration already effectively installed (skipped): \phpbb\db\migration\data\v330\remove_attachment_flash
[DEBUG] Migration already effectively installed (skipped): \phpbb\db\migration\data\v330\remove_max_pass_chars
[DEBUG] Apply dependencies of \phpbb\db\migration\data\v330\v330.
[DEBUG] Apply dependencies of \phpbb\db\migration\data\v330\v330rc1.
[DEBUG] Apply dependencies of \phpbb\db\migration\data\v330\v330b2.
[DEBUG] Apply dependencies of \phpbb\db\migration\data\v330\remove_email_hash.
[DEBUG] Installing Schema: \phpbb\db\migration\data\v330\remove_email_hash.
[INFO] Installed Schema: \phpbb\db\migration\data\v330\remove_email_hash; Time: 8.43 seconds
[DEBUG] Migration already effectively installed (skipped): \phpbb\db\migration\data\v330\add_display_unapproved_posts_config
[DEBUG] Migration already effectively installed (skipped): \phpbb\db\migration\data\v330\v330b1
[DEBUG] Migration already effectively installed (skipped): \phpbb\db\migration\data\v330\remove_attachment_flash
[DEBUG] Migration already effectively installed (skipped): \phpbb\db\migration\data\v330\remove_max_pass_chars
[DEBUG] Apply dependencies of \phpbb\db\migration\data\v330\v330.
[DEBUG] Apply dependencies of \phpbb\db\migration\data\v330\v330rc1.
[DEBUG] Apply dependencies of \phpbb\db\migration\data\v330\v330b2.
[DEBUG] Apply dependencies of \phpbb\db\migration\data\v330\remove_email_hash.
[DEBUG] Installing Data: \phpbb\db\migration\data\v330\remove_email_hash.
[INFO] Installed Data: \phpbb\db\migration\data\v330\remove_email_hash; Time: 0.00 seconds
[DEBUG] Migration already effectively installed (skipped): \phpbb\db\migration\data\v330\add_display_unapproved_posts_config
[DEBUG] Migration already effectively installed (skipped): \phpbb\db\migration\data\v330\v330b1
[DEBUG] Migration already effectively installed (skipped): \phpbb\db\migration\data\v330\remove_attachment_flash
[DEBUG] Migration already effectively installed (skipped): \phpbb\db\migration\data\v330\remove_max_pass_chars
[DEBUG] Apply dependencies of \phpbb\db\migration\data\v330\v330.
[DEBUG] Apply dependencies of \phpbb\db\migration\data\v330\v330rc1.
[DEBUG] Apply dependencies of \phpbb\db\migration\data\v330\v330b2.
[DEBUG] Installing Schema: \phpbb\db\migration\data\v330\v330b2.
[INFO] Installed Schema: \phpbb\db\migration\data\v330\v330b2; Time: 0.00 seconds
[DEBUG] Migration already effectively installed (skipped): \phpbb\db\migration\data\v330\add_display_unapproved_posts_config
[DEBUG] Migration already effectively installed (skipped): \phpbb\db\migration\data\v330\v330b1
[DEBUG] Migration already effectively installed (skipped): \phpbb\db\migration\data\v330\remove_attachment_flash
[DEBUG] Migration already effectively installed (skipped): \phpbb\db\migration\data\v330\remove_max_pass_chars
[DEBUG] Apply dependencies of \phpbb\db\migration\data\v330\v330.
[DEBUG] Apply dependencies of \phpbb\db\migration\data\v330\v330rc1.
[DEBUG] Apply dependencies of \phpbb\db\migration\data\v330\v330b2.
[DEBUG] Installing Data: \phpbb\db\migration\data\v330\v330b2.
[INFO] Installed Data: \phpbb\db\migration\data\v330\v330b2; Time: 0.00 seconds
[DEBUG] Migration already effectively installed (skipped): \phpbb\db\migration\data\v330\add_display_unapproved_posts_config
[DEBUG] Migration already effectively installed (skipped): \phpbb\db\migration\data\v330\v330b1
[DEBUG] Migration already effectively installed (skipped): \phpbb\db\migration\data\v330\remove_attachment_flash
[DEBUG] Migration already effectively installed (skipped): \phpbb\db\migration\data\v330\remove_max_pass_chars
[DEBUG] Apply dependencies of \phpbb\db\migration\data\v330\v330.
[DEBUG] Apply dependencies of \phpbb\db\migration\data\v330\v330rc1.
[DEBUG] Installing Schema: \phpbb\db\migration\data\v330\v330rc1.
[INFO] Installed Schema: \phpbb\db\migration\data\v330\v330rc1; Time: 0.00 seconds
[DEBUG] Migration already effectively installed (skipped): \phpbb\db\migration\data\v330\add_display_unapproved_posts_config
[DEBUG] Migration already effectively installed (skipped): \phpbb\db\migration\data\v330\v330b1
[DEBUG] Migration already effectively installed (skipped): \phpbb\db\migration\data\v330\remove_attachment_flash
[DEBUG] Migration already effectively installed (skipped): \phpbb\db\migration\data\v330\remove_max_pass_chars
[DEBUG] Apply dependencies of \phpbb\db\migration\data\v330\v330.
[DEBUG] Apply dependencies of \phpbb\db\migration\data\v330\v330rc1.
[DEBUG] Installing Data: \phpbb\db\migration\data\v330\v330rc1.
[INFO] Installed Data: \phpbb\db\migration\data\v330\v330rc1; Time: 0.00 seconds
[DEBUG] Migration already effectively installed (skipped): \phpbb\db\migration\data\v330\add_display_unapproved_posts_config
[DEBUG] Migration already effectively installed (skipped): \phpbb\db\migration\data\v330\v330b1
[DEBUG] Migration already effectively installed (skipped): \phpbb\db\migration\data\v330\remove_attachment_flash
[DEBUG] Migration already effectively installed (skipped): \phpbb\db\migration\data\v330\remove_max_pass_chars
[DEBUG] Apply dependencies of \phpbb\db\migration\data\v330\v330.
[DEBUG] Installing Schema: \phpbb\db\migration\data\v330\v330.
[INFO] Installed Schema: \phpbb\db\migration\data\v330\v330; Time: 0.00 seconds
[DEBUG] Migration already effectively installed (skipped): \phpbb\db\migration\data\v330\add_display_unapproved_posts_config
[DEBUG] Migration already effectively installed (skipped): \phpbb\db\migration\data\v330\v330b1
[DEBUG] Migration already effectively installed (skipped): \phpbb\db\migration\data\v330\remove_attachment_flash
[DEBUG] Migration already effectively installed (skipped): \phpbb\db\migration\data\v330\remove_max_pass_chars
[DEBUG] Apply dependencies of \phpbb\db\migration\data\v330\v330.
[DEBUG] Installing Data: \phpbb\db\migration\data\v330\v330.
[INFO] Installed Data: \phpbb\db\migration\data\v330\v330; Time: 0.00 seconds
