[DEBUG] Applica le dipendenze di \phpbb\db\migration\data\v32x\load_user_activity_limit.
[DEBUG] Applica le dipendenze di \phpbb\db\migration\data\v320\v320.
[DEBUG] Applica le dipendenze di \phpbb\db\migration\data\v31x\increase_size_of_emotion.
[DEBUG] Applica le dipendenze di \phpbb\db\migration\data\v31x\v3110.
[DEBUG] Applica le dipendenze di \phpbb\db\migration\data\v31x\v3110rc1.
[DEBUG] Applica le dipendenze di \phpbb\db\migration\data\v31x\v319.
[DEBUG] Applica le dipendenze di \phpbb\db\migration\data\v31x\v319rc1.
[DEBUG] Applica le dipendenze di \phpbb\db\migration\data\v31x\v318.
[DEBUG] Applica le dipendenze di \phpbb\db\migration\data\v31x\v318rc1.
[DEBUG] Applica le dipendenze di \phpbb\db\migration\data\v31x\increase_size_of_dateformat.
[DEBUG] Applica le dipendenze di \phpbb\db\migration\data\v31x\v317.
[DEBUG] Applica le dipendenze di \phpbb\db\migration\data\v31x\v317rc1.
[DEBUG] Applica le dipendenze di \phpbb\db\migration\data\v31x\m_pm_report.
[DEBUG] Applica le dipendenze di \phpbb\db\migration\data\v31x\v316rc1.
[DEBUG] Applica le dipendenze di \phpbb\db\migration\data\v31x\v315.
[DEBUG] Applica le dipendenze di \phpbb\db\migration\data\v31x\v315rc1.
[DEBUG] Applica le dipendenze di \phpbb\db\migration\data\v31x\v314.
[DEBUG] Applica le dipendenze di \phpbb\db\migration\data\v31x\v314rc2.
[DEBUG] Applica le dipendenze di \phpbb\db\migration\data\v31x\v314rc1.
[DEBUG] Applica le dipendenze di \phpbb\db\migration\data\v31x\v313.
[DEBUG] Applica le dipendenze di \phpbb\db\migration\data\v31x\v313rc2.
[DEBUG] Applica le dipendenze di \phpbb\db\migration\data\v31x\v313rc1.
[DEBUG] Applica le dipendenze di \phpbb\db\migration\data\v31x\plupload_last_gc_dynamic.
[DEBUG] Applica le dipendenze di \phpbb\db\migration\data\v31x\v312.
[DEBUG] Applica le dipendenze di \phpbb\db\migration\data\v31x\v312rc1.
[DEBUG] Applica le dipendenze di \phpbb\db\migration\data\v31x\v311.
[DEBUG] Applica le dipendenze di \phpbb\db\migration\data\v310\gold.
[DEBUG] Applica le dipendenze di \phpbb\db\migration\data\v310\rc6.
[DEBUG] Applica le dipendenze di \phpbb\db\migration\data\v310\rc5.
[DEBUG] Applica le dipendenze di \phpbb\db\migration\data\v310\rc4.
[DEBUG] Applica le dipendenze di \phpbb\db\migration\data\v310\rc3.
[DEBUG] Applica le dipendenze di \phpbb\db\migration\data\v310\rc2.
[DEBUG] Applica le dipendenze di \phpbb\db\migration\data\v310\rc1.
[DEBUG] Applica le dipendenze di \phpbb\db\migration\data\v310\beta4.
[DEBUG] Applica le dipendenze di \phpbb\db\migration\data\v310\beta3.
[DEBUG] Applica le dipendenze di \phpbb\db\migration\data\v310\beta2.
[DEBUG] Applica le dipendenze di \phpbb\db\migration\data\v310\beta1.
[DEBUG] Applica le dipendenze di \phpbb\db\migration\data\v310\alpha3.
[DEBUG] Applica le dipendenze di \phpbb\db\migration\data\v310\alpha2.
[DEBUG] Applica le dipendenze di \phpbb\db\migration\data\v310\alpha1.
[DEBUG] Applica le dipendenze di \phpbb\db\migration\data\v310\softdelete_mcp_modules.
[DEBUG] Applica le dipendenze di \phpbb\db\migration\data\v310\softdelete_p2.
[DEBUG] Applica le dipendenze di \phpbb\db\migration\data\v310\softdelete_p1.
[DEBUG] Installazione schema: \phpbb\db\migration\data\v310\softdelete_p1.
[DEBUG] Installazione schema: \phpbb\db\migration\data\v310\softdelete_p1; tempo: 46.83 secondi
