[DEBUG] Apply dependencies of \phpbb\db\migration\data\v320\v320rc1.
[DEBUG] Apply dependencies of \phpbb\db\migration\data\v320\report_id_auto_increment.
[DEBUG] Apply dependencies of \phpbb\db\migration\data\v320\default_data_type_ids.
[DEBUG] Installing Schema: \phpbb\db\migration\data\v320\default_data_type_ids.
[DEBUG] Installing Schema: \phpbb\db\migration\data\v320\default_data_type_ids; Time: 5.63 seconds
[DEBUG] Apply dependencies of \phpbb\db\migration\data\v320\v320rc1.
[DEBUG] Apply dependencies of \phpbb\db\migration\data\v320\report_id_auto_increment.
[DEBUG] Apply dependencies of \phpbb\db\migration\data\v320\default_data_type_ids.
[DEBUG] Installing Schema: \phpbb\db\migration\data\v320\default_data_type_ids.
[DEBUG] Installing Schema: \phpbb\db\migration\data\v320\default_data_type_ids; Time: 6.16 seconds
[DEBUG] Apply dependencies of \phpbb\db\migration\data\v320\v320rc1.
[DEBUG] Apply dependencies of \phpbb\db\migration\data\v320\report_id_auto_increment.
[DEBUG] Apply dependencies of \phpbb\db\migration\data\v320\default_data_type_ids.
[DEBUG] Installing Schema: \phpbb\db\migration\data\v320\default_data_type_ids.
[DEBUG] Installing Schema: \phpbb\db\migration\data\v320\default_data_type_ids; Time: 0.01 seconds
[DEBUG] Apply dependencies of \phpbb\db\migration\data\v320\v320rc1.
[DEBUG] Apply dependencies of \phpbb\db\migration\data\v320\report_id_auto_increment.
[DEBUG] Apply dependencies of \phpbb\db\migration\data\v320\default_data_type_ids.
[DEBUG] Installing Schema: \phpbb\db\migration\data\v320\default_data_type_ids.
[DEBUG] Installing Schema: \phpbb\db\migration\data\v320\default_data_type_ids; Time: 0.01 seconds
[DEBUG] Apply dependencies of \phpbb\db\migration\data\v320\v320rc1.
[DEBUG] Apply dependencies of \phpbb\db\migration\data\v320\report_id_auto_increment.
[DEBUG] Apply dependencies of \phpbb\db\migration\data\v320\default_data_type_ids.
[DEBUG] Installing Schema: \phpbb\db\migration\data\v320\default_data_type_ids.
[DEBUG] Installing Schema: \phpbb\db\migration\data\v320\default_data_type_ids; Time: 0.03 seconds
[DEBUG] Apply dependencies of \phpbb\db\migration\data\v320\v320rc1.
[DEBUG] Apply dependencies of \phpbb\db\migration\data\v320\report_id_auto_increment.
[DEBUG] Apply dependencies of \phpbb\db\migration\data\v320\default_data_type_ids.
[DEBUG] Installing Schema: \phpbb\db\migration\data\v320\default_data_type_ids.
[DEBUG] Installing Schema: \phpbb\db\migration\data\v320\default_data_type_ids; Time: 0.03 seconds
[DEBUG] Apply dependencies of \phpbb\db\migration\data\v320\v320rc1.
[DEBUG] Apply dependencies of \phpbb\db\migration\data\v320\report_id_auto_increment.
[DEBUG] Apply dependencies of \phpbb\db\migration\data\v320\default_data_type_ids.
[DEBUG] Installing Schema: \phpbb\db\migration\data\v320\default_data_type_ids.
[DEBUG] Installing Schema: \phpbb\db\migration\data\v320\default_data_type_ids; Time: 0.03 seconds
[DEBUG] Apply dependencies of \phpbb\db\migration\data\v320\v320rc1.
[DEBUG] Apply dependencies of \phpbb\db\migration\data\v320\report_id_auto_increment.
[DEBUG] Apply dependencies of \phpbb\db\migration\data\v320\default_data_type_ids.
[DEBUG] Installing Schema: \phpbb\db\migration\data\v320\default_data_type_ids.
[DEBUG] Installing Schema: \phpbb\db\migration\data\v320\default_data_type_ids; Time: 0.04 seconds
[DEBUG] Apply dependencies of \phpbb\db\migration\data\v320\v320rc1.
[DEBUG] Apply dependencies of \phpbb\db\migration\data\v320\report_id_auto_increment.
[DEBUG] Apply dependencies of \phpbb\db\migration\data\v320\default_data_type_ids.
[DEBUG] Installing Schema: \phpbb\db\migration\data\v320\default_data_type_ids.
[DEBUG] Installing Schema: \phpbb\db\migration\data\v320\default_data_type_ids; Time: 0.01 seconds
[DEBUG] Apply dependencies of \phpbb\db\migration\data\v320\v320rc1.
[DEBUG] Apply dependencies of \phpbb\db\migration\data\v320\report_id_auto_increment.
[DEBUG] Apply dependencies of \phpbb\db\migration\data\v320\default_data_type_ids.
[DEBUG] Installing Schema: \phpbb\db\migration\data\v320\default_data_type_ids.
[DEBUG] Installing Schema: \phpbb\db\migration\data\v320\default_data_type_ids; Time: 0.09 seconds
[DEBUG] Apply dependencies of \phpbb\db\migration\data\v320\v320rc1.
[DEBUG] Apply dependencies of \phpbb\db\migration\data\v320\report_id_auto_increment.
[DEBUG] Apply dependencies of \phpbb\db\migration\data\v320\default_data_type_ids.
[DEBUG] Installing Schema: \phpbb\db\migration\data\v320\default_data_type_ids.
[DEBUG] Installing Schema: \phpbb\db\migration\data\v320\default_data_type_ids; Time: 0.08 seconds
[DEBUG] Apply dependencies of \phpbb\db\migration\data\v320\v320rc1.
[DEBUG] Apply dependencies of \phpbb\db\migration\data\v320\report_id_auto_increment.
[DEBUG] Apply dependencies of \phpbb\db\migration\data\v320\default_data_type_ids.
[DEBUG] Installing Schema: \phpbb\db\migration\data\v320\default_data_type_ids.
[DEBUG] Installing Schema: \phpbb\db\migration\data\v320\default_data_type_ids; Time: 105.46 seconds
