[DEBUG] Apply dependencies of \phpbb\db\migration\data\v320\v320rc1.
[DEBUG] Apply dependencies of \phpbb\db\migration\data\v320\report_id_auto_increment.
[DEBUG] Apply dependencies of \phpbb\db\migration\data\v320\default_data_type_ids.
[DEBUG] Installing Schema: \phpbb\db\migration\data\v320\default_data_type_ids.
[DEBUG] Installing Schema: \phpbb\db\migration\data\v320\default_data_type_ids; Time: 2.21 seconds
[DEBUG] Apply dependencies of \phpbb\db\migration\data\v320\v320rc1.
[DEBUG] Apply dependencies of \phpbb\db\migration\data\v320\report_id_auto_increment.
[DEBUG] Apply dependencies of \phpbb\db\migration\data\v320\default_data_type_ids.
[DEBUG] Installing Schema: \phpbb\db\migration\data\v320\default_data_type_ids.
[DEBUG] Installing Schema: \phpbb\db\migration\data\v320\default_data_type_ids; Time: 1.75 seconds
[DEBUG] Apply dependencies of \phpbb\db\migration\data\v320\v320rc1.
[DEBUG] Apply dependencies of \phpbb\db\migration\data\v320\report_id_auto_increment.
[DEBUG] Apply dependencies of \phpbb\db\migration\data\v320\default_data_type_ids.
[DEBUG] Installing Schema: \phpbb\db\migration\data\v320\default_data_type_ids.
[DEBUG] Installing Schema: \phpbb\db\migration\data\v320\default_data_type_ids; Time: 1.79 seconds
[DEBUG] Apply dependencies of \phpbb\db\migration\data\v320\v320rc1.
[DEBUG] Apply dependencies of \phpbb\db\migration\data\v320\report_id_auto_increment.
[DEBUG] Apply dependencies of \phpbb\db\migration\data\v320\default_data_type_ids.
[DEBUG] Installing Schema: \phpbb\db\migration\data\v320\default_data_type_ids.
[DEBUG] Installing Schema: \phpbb\db\migration\data\v320\default_data_type_ids; Time: 0.07 seconds
[DEBUG] Apply dependencies of \phpbb\db\migration\data\v320\v320rc1.
[DEBUG] Apply dependencies of \phpbb\db\migration\data\v320\report_id_auto_increment.
[DEBUG] Apply dependencies of \phpbb\db\migration\data\v320\default_data_type_ids.
[DEBUG] Installing Schema: \phpbb\db\migration\data\v320\default_data_type_ids.
[DEBUG] Installing Schema: \phpbb\db\migration\data\v320\default_data_type_ids; Time: 0.00 seconds
[DEBUG] Apply dependencies of \phpbb\db\migration\data\v320\v320rc1.
[DEBUG] Apply dependencies of \phpbb\db\migration\data\v320\report_id_auto_increment.
[DEBUG] Apply dependencies of \phpbb\db\migration\data\v320\default_data_type_ids.
[DEBUG] Installing Schema: \phpbb\db\migration\data\v320\default_data_type_ids.
[DEBUG] Installing Schema: \phpbb\db\migration\data\v320\default_data_type_ids; Time: 0.00 seconds
[DEBUG] Apply dependencies of \phpbb\db\migration\data\v320\v320rc1.
[DEBUG] Apply dependencies of \phpbb\db\migration\data\v320\report_id_auto_increment.
[DEBUG] Apply dependencies of \phpbb\db\migration\data\v320\default_data_type_ids.
[DEBUG] Installing Schema: \phpbb\db\migration\data\v320\default_data_type_ids.
[DEBUG] Installing Schema: \phpbb\db\migration\data\v320\default_data_type_ids; Time: 0.78 seconds
[DEBUG] Apply dependencies of \phpbb\db\migration\data\v320\v320rc1.
[DEBUG] Apply dependencies of \phpbb\db\migration\data\v320\report_id_auto_increment.
[DEBUG] Apply dependencies of \phpbb\db\migration\data\v320\default_data_type_ids.
[DEBUG] Installing Schema: \phpbb\db\migration\data\v320\default_data_type_ids.
[DEBUG] Installing Schema: \phpbb\db\migration\data\v320\default_data_type_ids; Time: 0.83 seconds
[DEBUG] Apply dependencies of \phpbb\db\migration\data\v320\v320rc1.
[DEBUG] Apply dependencies of \phpbb\db\migration\data\v320\report_id_auto_increment.
[DEBUG] Apply dependencies of \phpbb\db\migration\data\v320\default_data_type_ids.
[DEBUG] Installing Schema: \phpbb\db\migration\data\v320\default_data_type_ids.
[DEBUG] Installing Schema: \phpbb\db\migration\data\v320\default_data_type_ids; Time: 0.91 seconds
[DEBUG] Apply dependencies of \phpbb\db\migration\data\v320\v320rc1.
[DEBUG] Apply dependencies of \phpbb\db\migration\data\v320\report_id_auto_increment.
[DEBUG] Apply dependencies of \phpbb\db\migration\data\v320\default_data_type_ids.
[DEBUG] Installing Schema: \phpbb\db\migration\data\v320\default_data_type_ids.
[DEBUG] Installing Schema: \phpbb\db\migration\data\v320\default_data_type_ids; Time: 0.03 seconds
[DEBUG] Apply dependencies of \phpbb\db\migration\data\v320\v320rc1.
[DEBUG] Apply dependencies of \phpbb\db\migration\data\v320\report_id_auto_increment.
[DEBUG] Apply dependencies of \phpbb\db\migration\data\v320\default_data_type_ids.
[DEBUG] Installing Schema: \phpbb\db\migration\data\v320\default_data_type_ids.
[DEBUG] Installing Schema: \phpbb\db\migration\data\v320\default_data_type_ids; Time: 0.01 seconds
[DEBUG] Apply dependencies of \phpbb\db\migration\data\v320\v320rc1.
[DEBUG] Apply dependencies of \phpbb\db\migration\data\v320\report_id_auto_increment.
[DEBUG] Apply dependencies of \phpbb\db\migration\data\v320\default_data_type_ids.
[DEBUG] Installing Schema: \phpbb\db\migration\data\v320\default_data_type_ids.
[DEBUG] Installing Schema: \phpbb\db\migration\data\v320\default_data_type_ids; Time: 0.00 seconds
[DEBUG] Apply dependencies of \phpbb\db\migration\data\v320\v320rc1.
[DEBUG] Apply dependencies of \phpbb\db\migration\data\v320\report_id_auto_increment.
[DEBUG] Apply dependencies of \phpbb\db\migration\data\v320\default_data_type_ids.
[DEBUG] Installing Schema: \phpbb\db\migration\data\v320\default_data_type_ids.
[DEBUG] Installing Schema: \phpbb\db\migration\data\v320\default_data_type_ids; Time: 0.00 seconds
[DEBUG] Apply dependencies of \phpbb\db\migration\data\v320\v320rc1.
[DEBUG] Apply dependencies of \phpbb\db\migration\data\v320\report_id_auto_increment.
[DEBUG] Apply dependencies of \phpbb\db\migration\data\v320\default_data_type_ids.
[DEBUG] Installing Schema: \phpbb\db\migration\data\v320\default_data_type_ids.
[DEBUG] Installing Schema: \phpbb\db\migration\data\v320\default_data_type_ids; Time: 0.00 seconds
[DEBUG] Apply dependencies of \phpbb\db\migration\data\v320\v320rc1.
[DEBUG] Apply dependencies of \phpbb\db\migration\data\v320\report_id_auto_increment.
[DEBUG] Apply dependencies of \phpbb\db\migration\data\v320\default_data_type_ids.
[DEBUG] Installing Schema: \phpbb\db\migration\data\v320\default_data_type_ids.
[DEBUG] Installing Schema: \phpbb\db\migration\data\v320\default_data_type_ids; Time: 9.16 seconds
