[DEBUG] Applica le dipendenze di \phpbb\db\migration\data\v32x\load_user_activity_limit.
[DEBUG] Applica le dipendenze di \phpbb\db\migration\data\v320\v320.
[DEBUG] Applica le dipendenze di \phpbb\db\migration\data\v320\cookie_notice.
[DEBUG] Applica le dipendenze di \phpbb\db\migration\data\v320\v320rc2.
[DEBUG] Applica le dipendenze di \phpbb\db\migration\data\v320\add_help_phpbb.
[DEBUG] Applica le dipendenze di \phpbb\db\migration\data\v320\v320rc1.
[DEBUG] Applica le dipendenze di \phpbb\db\migration\data\v320\report_id_auto_increment.
[DEBUG] Applica le dipendenze di \phpbb\db\migration\data\v320\default_data_type_ids.
[DEBUG] Installazione schema: \phpbb\db\migration\data\v320\default_data_type_ids.
[DEBUG] Installazione schema: \phpbb\db\migration\data\v320\default_data_type_ids; tempo: 3.17 secondi
[DEBUG] Applica le dipendenze di \phpbb\db\migration\data\v32x\load_user_activity_limit.
[DEBUG] Applica le dipendenze di \phpbb\db\migration\data\v320\v320.
[DEBUG] Applica le dipendenze di \phpbb\db\migration\data\v320\cookie_notice.
[DEBUG] Applica le dipendenze di \phpbb\db\migration\data\v320\v320rc2.
[DEBUG] Applica le dipendenze di \phpbb\db\migration\data\v320\add_help_phpbb.
[DEBUG] Applica le dipendenze di \phpbb\db\migration\data\v320\v320rc1.
[DEBUG] Applica le dipendenze di \phpbb\db\migration\data\v320\report_id_auto_increment.
[DEBUG] Applica le dipendenze di \phpbb\db\migration\data\v320\default_data_type_ids.
[DEBUG] Installazione schema: \phpbb\db\migration\data\v320\default_data_type_ids.
[DEBUG] Installazione schema: \phpbb\db\migration\data\v320\default_data_type_ids; tempo: 3.14 secondi
[DEBUG] Applica le dipendenze di \phpbb\db\migration\data\v32x\load_user_activity_limit.
[DEBUG] Applica le dipendenze di \phpbb\db\migration\data\v320\v320.
[DEBUG] Applica le dipendenze di \phpbb\db\migration\data\v320\cookie_notice.
[DEBUG] Applica le dipendenze di \phpbb\db\migration\data\v320\v320rc2.
[DEBUG] Applica le dipendenze di \phpbb\db\migration\data\v320\add_help_phpbb.
[DEBUG] Applica le dipendenze di \phpbb\db\migration\data\v320\v320rc1.
[DEBUG] Applica le dipendenze di \phpbb\db\migration\data\v320\report_id_auto_increment.
[DEBUG] Applica le dipendenze di \phpbb\db\migration\data\v320\default_data_type_ids.
[DEBUG] Installazione schema: \phpbb\db\migration\data\v320\default_data_type_ids.
[DEBUG] Installazione schema: \phpbb\db\migration\data\v320\default_data_type_ids; tempo: 0.03 secondi
[DEBUG] Applica le dipendenze di \phpbb\db\migration\data\v32x\load_user_activity_limit.
[DEBUG] Applica le dipendenze di \phpbb\db\migration\data\v320\v320.
[DEBUG] Applica le dipendenze di \phpbb\db\migration\data\v320\cookie_notice.
[DEBUG] Applica le dipendenze di \phpbb\db\migration\data\v320\v320rc2.
[DEBUG] Applica le dipendenze di \phpbb\db\migration\data\v320\add_help_phpbb.
[DEBUG] Applica le dipendenze di \phpbb\db\migration\data\v320\v320rc1.
[DEBUG] Applica le dipendenze di \phpbb\db\migration\data\v320\report_id_auto_increment.
[DEBUG] Applica le dipendenze di \phpbb\db\migration\data\v320\default_data_type_ids.
[DEBUG] Installazione schema: \phpbb\db\migration\data\v320\default_data_type_ids.
[DEBUG] Installazione schema: \phpbb\db\migration\data\v320\default_data_type_ids; tempo: 0.03 secondi
[DEBUG] Applica le dipendenze di \phpbb\db\migration\data\v32x\load_user_activity_limit.
[DEBUG] Applica le dipendenze di \phpbb\db\migration\data\v320\v320.
[DEBUG] Applica le dipendenze di \phpbb\db\migration\data\v320\cookie_notice.
[DEBUG] Applica le dipendenze di \phpbb\db\migration\data\v320\v320rc2.
[DEBUG] Applica le dipendenze di \phpbb\db\migration\data\v320\add_help_phpbb.
[DEBUG] Applica le dipendenze di \phpbb\db\migration\data\v320\v320rc1.
[DEBUG] Applica le dipendenze di \phpbb\db\migration\data\v320\report_id_auto_increment.
[DEBUG] Applica le dipendenze di \phpbb\db\migration\data\v320\default_data_type_ids.
[DEBUG] Installazione schema: \phpbb\db\migration\data\v320\default_data_type_ids.
[DEBUG] Installazione schema: \phpbb\db\migration\data\v320\default_data_type_ids; tempo: 1.26 secondi
[DEBUG] Applica le dipendenze di \phpbb\db\migration\data\v32x\load_user_activity_limit.
[DEBUG] Applica le dipendenze di \phpbb\db\migration\data\v320\v320.
[DEBUG] Applica le dipendenze di \phpbb\db\migration\data\v320\cookie_notice.
[DEBUG] Applica le dipendenze di \phpbb\db\migration\data\v320\v320rc2.
[DEBUG] Applica le dipendenze di \phpbb\db\migration\data\v320\add_help_phpbb.
[DEBUG] Applica le dipendenze di \phpbb\db\migration\data\v320\v320rc1.
[DEBUG] Applica le dipendenze di \phpbb\db\migration\data\v320\report_id_auto_increment.
[DEBUG] Applica le dipendenze di \phpbb\db\migration\data\v320\default_data_type_ids.
[DEBUG] Installazione schema: \phpbb\db\migration\data\v320\default_data_type_ids.
[DEBUG] Installazione schema: \phpbb\db\migration\data\v320\default_data_type_ids; tempo: 0.96 secondi
[DEBUG] Applica le dipendenze di \phpbb\db\migration\data\v32x\load_user_activity_limit.
[DEBUG] Applica le dipendenze di \phpbb\db\migration\data\v320\v320.
[DEBUG] Applica le dipendenze di \phpbb\db\migration\data\v320\cookie_notice.
[DEBUG] Applica le dipendenze di \phpbb\db\migration\data\v320\v320rc2.
[DEBUG] Applica le dipendenze di \phpbb\db\migration\data\v320\add_help_phpbb.
[DEBUG] Applica le dipendenze di \phpbb\db\migration\data\v320\v320rc1.
[DEBUG] Applica le dipendenze di \phpbb\db\migration\data\v320\report_id_auto_increment.
[DEBUG] Applica le dipendenze di \phpbb\db\migration\data\v320\default_data_type_ids.
[DEBUG] Installazione schema: \phpbb\db\migration\data\v320\default_data_type_ids.
[DEBUG] Installazione schema: \phpbb\db\migration\data\v320\default_data_type_ids; tempo: 0.04 secondi
[DEBUG] Applica le dipendenze di \phpbb\db\migration\data\v32x\load_user_activity_limit.
[DEBUG] Applica le dipendenze di \phpbb\db\migration\data\v320\v320.
[DEBUG] Applica le dipendenze di \phpbb\db\migration\data\v320\cookie_notice.
[DEBUG] Applica le dipendenze di \phpbb\db\migration\data\v320\v320rc2.
[DEBUG] Applica le dipendenze di \phpbb\db\migration\data\v320\add_help_phpbb.
[DEBUG] Applica le dipendenze di \phpbb\db\migration\data\v320\v320rc1.
[DEBUG] Applica le dipendenze di \phpbb\db\migration\data\v320\report_id_auto_increment.
[DEBUG] Applica le dipendenze di \phpbb\db\migration\data\v320\default_data_type_ids.
[DEBUG] Installazione schema: \phpbb\db\migration\data\v320\default_data_type_ids.
[DEBUG] Installazione schema: \phpbb\db\migration\data\v320\default_data_type_ids; tempo: 0.03 secondi
[DEBUG] Applica le dipendenze di \phpbb\db\migration\data\v32x\load_user_activity_limit.
[DEBUG] Applica le dipendenze di \phpbb\db\migration\data\v320\v320.
[DEBUG] Applica le dipendenze di \phpbb\db\migration\data\v320\cookie_notice.
[DEBUG] Applica le dipendenze di \phpbb\db\migration\data\v320\v320rc2.
[DEBUG] Applica le dipendenze di \phpbb\db\migration\data\v320\add_help_phpbb.
[DEBUG] Applica le dipendenze di \phpbb\db\migration\data\v320\v320rc1.
[DEBUG] Applica le dipendenze di \phpbb\db\migration\data\v320\report_id_auto_increment.
[DEBUG] Applica le dipendenze di \phpbb\db\migration\data\v320\default_data_type_ids.
[DEBUG] Installazione schema: \phpbb\db\migration\data\v320\default_data_type_ids.
[DEBUG] Installazione schema: \phpbb\db\migration\data\v320\default_data_type_ids; tempo: 1.44 secondi
[DEBUG] Applica le dipendenze di \phpbb\db\migration\data\v32x\load_user_activity_limit.
[DEBUG] Applica le dipendenze di \phpbb\db\migration\data\v320\v320.
[DEBUG] Applica le dipendenze di \phpbb\db\migration\data\v320\cookie_notice.
[DEBUG] Applica le dipendenze di \phpbb\db\migration\data\v320\v320rc2.
[DEBUG] Applica le dipendenze di \phpbb\db\migration\data\v320\add_help_phpbb.
[DEBUG] Applica le dipendenze di \phpbb\db\migration\data\v320\v320rc1.
[DEBUG] Applica le dipendenze di \phpbb\db\migration\data\v320\report_id_auto_increment.
[DEBUG] Applica le dipendenze di \phpbb\db\migration\data\v320\default_data_type_ids.
[DEBUG] Installazione schema: \phpbb\db\migration\data\v320\default_data_type_ids.
[DEBUG] Installazione schema: \phpbb\db\migration\data\v320\default_data_type_ids; tempo: 1.52 secondi
[DEBUG] Applica le dipendenze di \phpbb\db\migration\data\v32x\load_user_activity_limit.
[DEBUG] Applica le dipendenze di \phpbb\db\migration\data\v320\v320.
[DEBUG] Applica le dipendenze di \phpbb\db\migration\data\v320\cookie_notice.
[DEBUG] Applica le dipendenze di \phpbb\db\migration\data\v320\v320rc2.
[DEBUG] Applica le dipendenze di \phpbb\db\migration\data\v320\add_help_phpbb.
[DEBUG] Applica le dipendenze di \phpbb\db\migration\data\v320\v320rc1.
[DEBUG] Applica le dipendenze di \phpbb\db\migration\data\v320\report_id_auto_increment.
[DEBUG] Applica le dipendenze di \phpbb\db\migration\data\v320\default_data_type_ids.
[DEBUG] Installazione schema: \phpbb\db\migration\data\v320\default_data_type_ids.
[DEBUG] Installazione schema: \phpbb\db\migration\data\v320\default_data_type_ids; tempo: 0.70 secondi
[DEBUG] Applica le dipendenze di \phpbb\db\migration\data\v32x\load_user_activity_limit.
[DEBUG] Applica le dipendenze di \phpbb\db\migration\data\v320\v320.
[DEBUG] Applica le dipendenze di \phpbb\db\migration\data\v320\cookie_notice.
[DEBUG] Applica le dipendenze di \phpbb\db\migration\data\v320\v320rc2.
[DEBUG] Applica le dipendenze di \phpbb\db\migration\data\v320\add_help_phpbb.
[DEBUG] Applica le dipendenze di \phpbb\db\migration\data\v320\v320rc1.
[DEBUG] Applica le dipendenze di \phpbb\db\migration\data\v320\report_id_auto_increment.
[DEBUG] Applica le dipendenze di \phpbb\db\migration\data\v320\default_data_type_ids.
[DEBUG] Installazione schema: \phpbb\db\migration\data\v320\default_data_type_ids.
[DEBUG] Installazione schema: \phpbb\db\migration\data\v320\default_data_type_ids; tempo: 1.48 secondi
[DEBUG] Applica le dipendenze di \phpbb\db\migration\data\v32x\load_user_activity_limit.
[DEBUG] Applica le dipendenze di \phpbb\db\migration\data\v320\v320.
[DEBUG] Applica le dipendenze di \phpbb\db\migration\data\v320\cookie_notice.
[DEBUG] Applica le dipendenze di \phpbb\db\migration\data\v320\v320rc2.
[DEBUG] Applica le dipendenze di \phpbb\db\migration\data\v320\add_help_phpbb.
[DEBUG] Applica le dipendenze di \phpbb\db\migration\data\v320\v320rc1.
[DEBUG] Applica le dipendenze di \phpbb\db\migration\data\v320\report_id_auto_increment.
[DEBUG] Applica le dipendenze di \phpbb\db\migration\data\v320\default_data_type_ids.
[DEBUG] Installazione schema: \phpbb\db\migration\data\v320\default_data_type_ids.
[DEBUG] Installazione schema: \phpbb\db\migration\data\v320\default_data_type_ids; tempo: 0.03 secondi
[DEBUG] Applica le dipendenze di \phpbb\db\migration\data\v32x\load_user_activity_limit.
[DEBUG] Applica le dipendenze di \phpbb\db\migration\data\v320\v320.
[DEBUG] Applica le dipendenze di \phpbb\db\migration\data\v320\cookie_notice.
[DEBUG] Applica le dipendenze di \phpbb\db\migration\data\v320\v320rc2.
[DEBUG] Applica le dipendenze di \phpbb\db\migration\data\v320\add_help_phpbb.
[DEBUG] Applica le dipendenze di \phpbb\db\migration\data\v320\v320rc1.
[DEBUG] Applica le dipendenze di \phpbb\db\migration\data\v320\report_id_auto_increment.
[DEBUG] Applica le dipendenze di \phpbb\db\migration\data\v320\default_data_type_ids.
[DEBUG] Installazione schema: \phpbb\db\migration\data\v320\default_data_type_ids.
[DEBUG] Installazione schema: \phpbb\db\migration\data\v320\default_data_type_ids; tempo: 0.02 secondi
[DEBUG] Applica le dipendenze di \phpbb\db\migration\data\v32x\load_user_activity_limit.
[DEBUG] Applica le dipendenze di \phpbb\db\migration\data\v320\v320.
[DEBUG] Applica le dipendenze di \phpbb\db\migration\data\v320\cookie_notice.
[DEBUG] Applica le dipendenze di \phpbb\db\migration\data\v320\v320rc2.
[DEBUG] Applica le dipendenze di \phpbb\db\migration\data\v320\add_help_phpbb.
[DEBUG] Applica le dipendenze di \phpbb\db\migration\data\v320\v320rc1.
[DEBUG] Applica le dipendenze di \phpbb\db\migration\data\v320\report_id_auto_increment.
[DEBUG] Applica le dipendenze di \phpbb\db\migration\data\v320\default_data_type_ids.
[DEBUG] Installazione schema: \phpbb\db\migration\data\v320\default_data_type_ids.
[DEBUG] Installazione schema: \phpbb\db\migration\data\v320\default_data_type_ids; tempo: 0.02 secondi
[DEBUG] Applica le dipendenze di \phpbb\db\migration\data\v32x\load_user_activity_limit.
[DEBUG] Applica le dipendenze di \phpbb\db\migration\data\v320\v320.
[DEBUG] Applica le dipendenze di \phpbb\db\migration\data\v320\cookie_notice.
[DEBUG] Applica le dipendenze di \phpbb\db\migration\data\v320\v320rc2.
[DEBUG] Applica le dipendenze di \phpbb\db\migration\data\v320\add_help_phpbb.
[DEBUG] Applica le dipendenze di \phpbb\db\migration\data\v320\v320rc1.
[DEBUG] Applica le dipendenze di \phpbb\db\migration\data\v320\report_id_auto_increment.
[DEBUG] Applica le dipendenze di \phpbb\db\migration\data\v320\default_data_type_ids.
[DEBUG] Installazione schema: \phpbb\db\migration\data\v320\default_data_type_ids.
[DEBUG] Installazione schema: \phpbb\db\migration\data\v320\default_data_type_ids; tempo: 0.02 secondi
[DEBUG] Applica le dipendenze di \phpbb\db\migration\data\v32x\load_user_activity_limit.
[DEBUG] Applica le dipendenze di \phpbb\db\migration\data\v320\v320.
[DEBUG] Applica le dipendenze di \phpbb\db\migration\data\v320\cookie_notice.
[DEBUG] Applica le dipendenze di \phpbb\db\migration\data\v320\v320rc2.
[DEBUG] Applica le dipendenze di \phpbb\db\migration\data\v320\add_help_phpbb.
[DEBUG] Applica le dipendenze di \phpbb\db\migration\data\v320\v320rc1.
[DEBUG] Applica le dipendenze di \phpbb\db\migration\data\v320\report_id_auto_increment.
[DEBUG] Applica le dipendenze di \phpbb\db\migration\data\v320\default_data_type_ids.
[DEBUG] Installazione schema: \phpbb\db\migration\data\v320\default_data_type_ids.
[DEBUG] Installazione schema: \phpbb\db\migration\data\v320\default_data_type_ids; tempo: 0.02 secondi
[DEBUG] Applica le dipendenze di \phpbb\db\migration\data\v32x\load_user_activity_limit.
[DEBUG] Applica le dipendenze di \phpbb\db\migration\data\v320\v320.
[DEBUG] Applica le dipendenze di \phpbb\db\migration\data\v320\cookie_notice.
[DEBUG] Applica le dipendenze di \phpbb\db\migration\data\v320\v320rc2.
[DEBUG] Applica le dipendenze di \phpbb\db\migration\data\v320\add_help_phpbb.
[DEBUG] Applica le dipendenze di \phpbb\db\migration\data\v320\v320rc1.
[DEBUG] Applica le dipendenze di \phpbb\db\migration\data\v320\report_id_auto_increment.
[DEBUG] Applica le dipendenze di \phpbb\db\migration\data\v320\default_data_type_ids.
[DEBUG] Installazione schema: \phpbb\db\migration\data\v320\default_data_type_ids.
[INFO] Schema installato: \phpbb\db\migration\data\v320\default_data_type_ids; tempo: 856.26 secondi
[DEBUG] Applica le dipendenze di \phpbb\db\migration\data\v32x\load_user_activity_limit.
[DEBUG] Applica le dipendenze di \phpbb\db\migration\data\v320\v320.
[DEBUG] Applica le dipendenze di \phpbb\db\migration\data\v320\cookie_notice.
[DEBUG] Applica le dipendenze di \phpbb\db\migration\data\v320\v320rc2.
[DEBUG] Applica le dipendenze di \phpbb\db\migration\data\v320\add_help_phpbb.
[DEBUG] Applica le dipendenze di \phpbb\db\migration\data\v320\v320rc1.
[DEBUG] Applica le dipendenze di \phpbb\db\migration\data\v320\report_id_auto_increment.
[DEBUG] Applica le dipendenze di \phpbb\db\migration\data\v320\default_data_type_ids.
[DEBUG] Installazione dati: \phpbb\db\migration\data\v320\default_data_type_ids.
[INFO] Installazione dati: \phpbb\db\migration\data\v320\default_data_type_ids; tempo: 0.00 secondi
[DEBUG] Applica le dipendenze di \phpbb\db\migration\data\v32x\load_user_activity_limit.
[DEBUG] Applica le dipendenze di \phpbb\db\migration\data\v320\v320.
[DEBUG] Applica le dipendenze di \phpbb\db\migration\data\v320\cookie_notice.
[DEBUG] Applica le dipendenze di \phpbb\db\migration\data\v320\v320rc2.
[DEBUG] Applica le dipendenze di \phpbb\db\migration\data\v320\add_help_phpbb.
[DEBUG] Applica le dipendenze di \phpbb\db\migration\data\v320\v320rc1.
[DEBUG] Applica le dipendenze di \phpbb\db\migration\data\v320\report_id_auto_increment.
[DEBUG] Installazione schema: \phpbb\db\migration\data\v320\report_id_auto_increment.
[INFO] Schema installato: \phpbb\db\migration\data\v320\report_id_auto_increment; tempo: 0.02 secondi
[DEBUG] Applica le dipendenze di \phpbb\db\migration\data\v32x\load_user_activity_limit.
[DEBUG] Applica le dipendenze di \phpbb\db\migration\data\v320\v320.
[DEBUG] Applica le dipendenze di \phpbb\db\migration\data\v320\cookie_notice.
[DEBUG] Applica le dipendenze di \phpbb\db\migration\data\v320\v320rc2.
[DEBUG] Applica le dipendenze di \phpbb\db\migration\data\v320\add_help_phpbb.
[DEBUG] Applica le dipendenze di \phpbb\db\migration\data\v320\v320rc1.
[DEBUG] Applica le dipendenze di \phpbb\db\migration\data\v320\report_id_auto_increment.
[DEBUG] Installazione dati: \phpbb\db\migration\data\v320\report_id_auto_increment.
[INFO] Installazione dati: \phpbb\db\migration\data\v320\report_id_auto_increment; tempo: 0.00 secondi
[DEBUG] Applica le dipendenze di \phpbb\db\migration\data\v32x\load_user_activity_limit.
[DEBUG] Applica le dipendenze di \phpbb\db\migration\data\v320\v320.
[DEBUG] Applica le dipendenze di \phpbb\db\migration\data\v320\cookie_notice.
[DEBUG] Applica le dipendenze di \phpbb\db\migration\data\v320\v320rc2.
[DEBUG] Applica le dipendenze di \phpbb\db\migration\data\v320\add_help_phpbb.
[DEBUG] Applica le dipendenze di \phpbb\db\migration\data\v320\v320rc1.
[DEBUG] Applica le dipendenze di \phpbb\db\migration\data\v320\v320b2.
[DEBUG] Applica le dipendenze di \phpbb\db\migration\data\v320\v320b1.
[DEBUG] Installazione schema: \phpbb\db\migration\data\v320\v320b1.
[INFO] Schema installato: \phpbb\db\migration\data\v320\v320b1; tempo: 0.00 secondi
[DEBUG] Applica le dipendenze di \phpbb\db\migration\data\v32x\load_user_activity_limit.
[DEBUG] Applica le dipendenze di \phpbb\db\migration\data\v320\v320.
[DEBUG] Applica le dipendenze di \phpbb\db\migration\data\v320\cookie_notice.
[DEBUG] Applica le dipendenze di \phpbb\db\migration\data\v320\v320rc2.
[DEBUG] Applica le dipendenze di \phpbb\db\migration\data\v320\add_help_phpbb.
[DEBUG] Applica le dipendenze di \phpbb\db\migration\data\v320\v320rc1.
[DEBUG] Applica le dipendenze di \phpbb\db\migration\data\v320\v320b2.
[DEBUG] Applica le dipendenze di \phpbb\db\migration\data\v320\v320b1.
[DEBUG] Installazione dati: \phpbb\db\migration\data\v320\v320b1.
[INFO] Installazione dati: \phpbb\db\migration\data\v320\v320b1; tempo: 0.00 secondi
[DEBUG] Applica le dipendenze di \phpbb\db\migration\data\v32x\load_user_activity_limit.
[DEBUG] Applica le dipendenze di \phpbb\db\migration\data\v320\v320.
[DEBUG] Applica le dipendenze di \phpbb\db\migration\data\v320\cookie_notice.
[DEBUG] Applica le dipendenze di \phpbb\db\migration\data\v320\v320rc2.
[DEBUG] Applica le dipendenze di \phpbb\db\migration\data\v320\add_help_phpbb.
[DEBUG] Applica le dipendenze di \phpbb\db\migration\data\v320\v320rc1.
[DEBUG] Applica le dipendenze di \phpbb\db\migration\data\v320\v320b2.
[DEBUG] Applica le dipendenze di \phpbb\db\migration\data\v320\remote_upload_validation.
[DEBUG] Installazione schema: \phpbb\db\migration\data\v320\remote_upload_validation.
[INFO] Schema installato: \phpbb\db\migration\data\v320\remote_upload_validation; tempo: 0.00 secondi
[DEBUG] Applica le dipendenze di \phpbb\db\migration\data\v32x\load_user_activity_limit.
[DEBUG] Applica le dipendenze di \phpbb\db\migration\data\v320\v320.
[DEBUG] Applica le dipendenze di \phpbb\db\migration\data\v320\cookie_notice.
[DEBUG] Applica le dipendenze di \phpbb\db\migration\data\v320\v320rc2.
[DEBUG] Applica le dipendenze di \phpbb\db\migration\data\v320\add_help_phpbb.
[DEBUG] Applica le dipendenze di \phpbb\db\migration\data\v320\v320rc1.
[DEBUG] Applica le dipendenze di \phpbb\db\migration\data\v320\v320b2.
[DEBUG] Applica le dipendenze di \phpbb\db\migration\data\v320\remote_upload_validation.
[DEBUG] Installazione dati: \phpbb\db\migration\data\v320\remote_upload_validation.
[INFO] Installazione dati: \phpbb\db\migration\data\v320\remote_upload_validation; tempo: 0.00 secondi
[DEBUG] Applica le dipendenze di \phpbb\db\migration\data\v32x\load_user_activity_limit.
[DEBUG] Applica le dipendenze di \phpbb\db\migration\data\v320\v320.
[DEBUG] Applica le dipendenze di \phpbb\db\migration\data\v320\cookie_notice.
[DEBUG] Applica le dipendenze di \phpbb\db\migration\data\v320\v320rc2.
[DEBUG] Applica le dipendenze di \phpbb\db\migration\data\v320\add_help_phpbb.
[DEBUG] Applica le dipendenze di \phpbb\db\migration\data\v320\v320rc1.
[DEBUG] Applica le dipendenze di \phpbb\db\migration\data\v320\v320b2.
[DEBUG] Installazione schema: \phpbb\db\migration\data\v320\v320b2.
[INFO] Schema installato: \phpbb\db\migration\data\v320\v320b2; tempo: 0.00 secondi
[DEBUG] Applica le dipendenze di \phpbb\db\migration\data\v32x\load_user_activity_limit.
[DEBUG] Applica le dipendenze di \phpbb\db\migration\data\v320\v320.
[DEBUG] Applica le dipendenze di \phpbb\db\migration\data\v320\cookie_notice.
[DEBUG] Applica le dipendenze di \phpbb\db\migration\data\v320\v320rc2.
[DEBUG] Applica le dipendenze di \phpbb\db\migration\data\v320\add_help_phpbb.
[DEBUG] Applica le dipendenze di \phpbb\db\migration\data\v320\v320rc1.
[DEBUG] Applica le dipendenze di \phpbb\db\migration\data\v320\v320b2.
[DEBUG] Installazione dati: \phpbb\db\migration\data\v320\v320b2.
[INFO] Installazione dati: \phpbb\db\migration\data\v320\v320b2; tempo: 0.00 secondi
[DEBUG] Applica le dipendenze di \phpbb\db\migration\data\v32x\load_user_activity_limit.
[DEBUG] Applica le dipendenze di \phpbb\db\migration\data\v320\v320.
[DEBUG] Applica le dipendenze di \phpbb\db\migration\data\v320\cookie_notice.
[DEBUG] Applica le dipendenze di \phpbb\db\migration\data\v320\v320rc2.
[DEBUG] Applica le dipendenze di \phpbb\db\migration\data\v320\add_help_phpbb.
[DEBUG] Applica le dipendenze di \phpbb\db\migration\data\v320\v320rc1.
[DEBUG] Installazione schema: \phpbb\db\migration\data\v320\v320rc1.
[INFO] Schema installato: \phpbb\db\migration\data\v320\v320rc1; tempo: 0.00 secondi
[DEBUG] Applica le dipendenze di \phpbb\db\migration\data\v32x\load_user_activity_limit.
[DEBUG] Applica le dipendenze di \phpbb\db\migration\data\v320\v320.
[DEBUG] Applica le dipendenze di \phpbb\db\migration\data\v320\cookie_notice.
[DEBUG] Applica le dipendenze di \phpbb\db\migration\data\v320\v320rc2.
[DEBUG] Applica le dipendenze di \phpbb\db\migration\data\v320\add_help_phpbb.
[DEBUG] Applica le dipendenze di \phpbb\db\migration\data\v320\v320rc1.
[DEBUG] Installazione dati: \phpbb\db\migration\data\v320\v320rc1.
[INFO] Installazione dati: \phpbb\db\migration\data\v320\v320rc1; tempo: 0.00 secondi
[DEBUG] Applica le dipendenze di \phpbb\db\migration\data\v32x\load_user_activity_limit.
[DEBUG] Applica le dipendenze di \phpbb\db\migration\data\v320\v320.
[DEBUG] Applica le dipendenze di \phpbb\db\migration\data\v320\cookie_notice.
[DEBUG] Applica le dipendenze di \phpbb\db\migration\data\v320\v320rc2.
[DEBUG] Applica le dipendenze di \phpbb\db\migration\data\v320\add_help_phpbb.
[DEBUG] Installazione schema: \phpbb\db\migration\data\v320\add_help_phpbb.
[INFO] Schema installato: \phpbb\db\migration\data\v320\add_help_phpbb; tempo: 0.00 secondi
[DEBUG] Applica le dipendenze di \phpbb\db\migration\data\v32x\load_user_activity_limit.
[DEBUG] Applica le dipendenze di \phpbb\db\migration\data\v320\v320.
[DEBUG] Applica le dipendenze di \phpbb\db\migration\data\v320\cookie_notice.
[DEBUG] Applica le dipendenze di \phpbb\db\migration\data\v320\v320rc2.
[DEBUG] Applica le dipendenze di \phpbb\db\migration\data\v320\add_help_phpbb.
[DEBUG] Installazione dati: \phpbb\db\migration\data\v320\add_help_phpbb.
[DEBUG] Installazione dati in corso: \phpbb\db\migration\data\v320\add_help_phpbb; tempo: 0.00 secondi
[DEBUG] Applica le dipendenze di \phpbb\db\migration\data\v32x\load_user_activity_limit.
[DEBUG] Applica le dipendenze di \phpbb\db\migration\data\v320\v320.
[DEBUG] Applica le dipendenze di \phpbb\db\migration\data\v320\cookie_notice.
[DEBUG] Applica le dipendenze di \phpbb\db\migration\data\v320\v320rc2.
[DEBUG] Applica le dipendenze di \phpbb\db\migration\data\v320\add_help_phpbb.
[DEBUG] Installazione dati: \phpbb\db\migration\data\v320\add_help_phpbb.
[DEBUG] Installazione dati in corso: \phpbb\db\migration\data\v320\add_help_phpbb; tempo: 0.00 secondi
[DEBUG] Applica le dipendenze di \phpbb\db\migration\data\v32x\load_user_activity_limit.
[DEBUG] Applica le dipendenze di \phpbb\db\migration\data\v320\v320.
[DEBUG] Applica le dipendenze di \phpbb\db\migration\data\v320\cookie_notice.
[DEBUG] Applica le dipendenze di \phpbb\db\migration\data\v320\v320rc2.
[DEBUG] Applica le dipendenze di \phpbb\db\migration\data\v320\add_help_phpbb.
[DEBUG] Installazione dati: \phpbb\db\migration\data\v320\add_help_phpbb.
[DEBUG] Installazione dati in corso: \phpbb\db\migration\data\v320\add_help_phpbb; tempo: 0.02 secondi
[DEBUG] Applica le dipendenze di \phpbb\db\migration\data\v32x\load_user_activity_limit.
[DEBUG] Applica le dipendenze di \phpbb\db\migration\data\v320\v320.
[DEBUG] Applica le dipendenze di \phpbb\db\migration\data\v320\cookie_notice.
[DEBUG] Applica le dipendenze di \phpbb\db\migration\data\v320\v320rc2.
[DEBUG] Applica le dipendenze di \phpbb\db\migration\data\v320\add_help_phpbb.
[DEBUG] Installazione dati: \phpbb\db\migration\data\v320\add_help_phpbb.
[INFO] Installazione dati: \phpbb\db\migration\data\v320\add_help_phpbb; tempo: 0.04 secondi
[DEBUG] Applica le dipendenze di \phpbb\db\migration\data\v32x\load_user_activity_limit.
[DEBUG] Applica le dipendenze di \phpbb\db\migration\data\v320\v320.
[DEBUG] Applica le dipendenze di \phpbb\db\migration\data\v320\cookie_notice.
[DEBUG] Applica le dipendenze di \phpbb\db\migration\data\v320\v320rc2.
[DEBUG] Installazione schema: \phpbb\db\migration\data\v320\v320rc2.
[INFO] Schema installato: \phpbb\db\migration\data\v320\v320rc2; tempo: 0.00 secondi
[DEBUG] Applica le dipendenze di \phpbb\db\migration\data\v32x\load_user_activity_limit.
[DEBUG] Applica le dipendenze di \phpbb\db\migration\data\v320\v320.
[DEBUG] Applica le dipendenze di \phpbb\db\migration\data\v320\cookie_notice.
[DEBUG] Applica le dipendenze di \phpbb\db\migration\data\v320\v320rc2.
[DEBUG] Installazione dati: \phpbb\db\migration\data\v320\v320rc2.
[INFO] Installazione dati: \phpbb\db\migration\data\v320\v320rc2; tempo: 0.00 secondi
[DEBUG] Applica le dipendenze di \phpbb\db\migration\data\v32x\load_user_activity_limit.
[DEBUG] Applica le dipendenze di \phpbb\db\migration\data\v320\v320.
[DEBUG] Applica le dipendenze di \phpbb\db\migration\data\v320\cookie_notice.
[DEBUG] Installazione schema: \phpbb\db\migration\data\v320\cookie_notice.
[INFO] Schema installato: \phpbb\db\migration\data\v320\cookie_notice; tempo: 0.00 secondi
[DEBUG] Applica le dipendenze di \phpbb\db\migration\data\v32x\load_user_activity_limit.
[DEBUG] Applica le dipendenze di \phpbb\db\migration\data\v320\v320.
[DEBUG] Applica le dipendenze di \phpbb\db\migration\data\v320\cookie_notice.
[DEBUG] Installazione dati: \phpbb\db\migration\data\v320\cookie_notice.
[INFO] Installazione dati: \phpbb\db\migration\data\v320\cookie_notice; tempo: 0.00 secondi
[DEBUG] Applica le dipendenze di \phpbb\db\migration\data\v32x\load_user_activity_limit.
[DEBUG] Applica le dipendenze di \phpbb\db\migration\data\v320\v320.
[DEBUG] Installazione schema: \phpbb\db\migration\data\v320\v320.
[INFO] Schema installato: \phpbb\db\migration\data\v320\v320; tempo: 0.00 secondi
[DEBUG] Applica le dipendenze di \phpbb\db\migration\data\v32x\load_user_activity_limit.
[DEBUG] Applica le dipendenze di \phpbb\db\migration\data\v320\v320.
[DEBUG] Installazione dati: \phpbb\db\migration\data\v320\v320.
[INFO] Installazione dati: \phpbb\db\migration\data\v320\v320; tempo: 0.00 secondi
[DEBUG] Applica le dipendenze di \phpbb\db\migration\data\v32x\load_user_activity_limit.
[DEBUG] Installazione schema: \phpbb\db\migration\data\v32x\load_user_activity_limit.
[INFO] Schema installato: \phpbb\db\migration\data\v32x\load_user_activity_limit; tempo: 0.00 secondi
[DEBUG] Applica le dipendenze di \phpbb\db\migration\data\v32x\load_user_activity_limit.
[DEBUG] Installazione dati: \phpbb\db\migration\data\v32x\load_user_activity_limit.
[INFO] Installazione dati: \phpbb\db\migration\data\v32x\load_user_activity_limit; tempo: 0.00 secondi
[DEBUG] Migrazione già installata (richiesta ignorata): \phpbb\db\migration\data\v32x\load_user_activity_limit
[DEBUG] Applica le dipendenze di \phpbb\db\migration\data\v32x\update_prosilver_bitfield.
[DEBUG] Applica le dipendenze di \phpbb\db\migration\data\v32x\v321.
[DEBUG] Applica le dipendenze di \phpbb\db\migration\data\v31x\v3111.
[DEBUG] Applica le dipendenze di \phpbb\db\migration\data\v31x\v3111rc1.
[DEBUG] Applica le dipendenze di \phpbb\db\migration\data\v31x\add_jabber_ssl_context_config_options.
[DEBUG] Installazione schema: \phpbb\db\migration\data\v31x\add_jabber_ssl_context_config_options.
[INFO] Schema installato: \phpbb\db\migration\data\v31x\add_jabber_ssl_context_config_options; tempo: 0.00 secondi
