[DEBUG] Apply dependencies of \phpbb\db\migration\data\v320\v320rc1.
[DEBUG] Apply dependencies of \phpbb\db\migration\data\v31x\v319.
[DEBUG] Apply dependencies of \phpbb\db\migration\data\v31x\v319rc1.
[DEBUG] Apply dependencies of \phpbb\db\migration\data\v31x\v318.
[DEBUG] Apply dependencies of \phpbb\db\migration\data\v31x\v318rc1.
[DEBUG] Apply dependencies of \phpbb\db\migration\data\v31x\increase_size_of_dateformat.
[DEBUG] Apply dependencies of \phpbb\db\migration\data\v31x\v317.
[DEBUG] Apply dependencies of \phpbb\db\migration\data\v31x\v317rc1.
[DEBUG] Apply dependencies of \phpbb\db\migration\data\v31x\m_pm_report.
[DEBUG] Apply dependencies of \phpbb\db\migration\data\v31x\v316rc1.
[DEBUG] Apply dependencies of \phpbb\db\migration\data\v31x\v315.
[DEBUG] Apply dependencies of \phpbb\db\migration\data\v31x\v315rc1.
[DEBUG] Apply dependencies of \phpbb\db\migration\data\v31x\v314.
[DEBUG] Apply dependencies of \phpbb\db\migration\data\v31x\v314rc2.
[DEBUG] Apply dependencies of \phpbb\db\migration\data\v31x\v314rc1.
[DEBUG] Apply dependencies of \phpbb\db\migration\data\v31x\v313.
[DEBUG] Apply dependencies of \phpbb\db\migration\data\v31x\v313rc2.
[DEBUG] Apply dependencies of \phpbb\db\migration\data\v31x\v313rc1.
[DEBUG] Apply dependencies of \phpbb\db\migration\data\v31x\plupload_last_gc_dynamic.
[DEBUG] Apply dependencies of \phpbb\db\migration\data\v31x\v312.
[DEBUG] Apply dependencies of \phpbb\db\migration\data\v31x\v312rc1.
[DEBUG] Apply dependencies of \phpbb\db\migration\data\v31x\v311.
[DEBUG] Apply dependencies of \phpbb\db\migration\data\v310\gold.
[DEBUG] Apply dependencies of \phpbb\db\migration\data\v310\rc6.
[DEBUG] Apply dependencies of \phpbb\db\migration\data\v310\rc5.
[DEBUG] Apply dependencies of \phpbb\db\migration\data\v310\rc4.
[DEBUG] Apply dependencies of \phpbb\db\migration\data\v310\rc3.
[DEBUG] Apply dependencies of \phpbb\db\migration\data\v310\rename_too_long_indexes.
[DEBUG] Installing Data: \phpbb\db\migration\data\v310\rename_too_long_indexes.
[INFO] Installed Data: \phpbb\db\migration\data\v310\rename_too_long_indexes; Time: 0.00 seconds
[DEBUG] Apply dependencies of \phpbb\db\migration\data\v320\v320rc1.
[DEBUG] Apply dependencies of \phpbb\db\migration\data\v31x\v319.
[DEBUG] Apply dependencies of \phpbb\db\migration\data\v31x\v319rc1.
[DEBUG] Apply dependencies of \phpbb\db\migration\data\v31x\v318.
[DEBUG] Apply dependencies of \phpbb\db\migration\data\v31x\v318rc1.
[DEBUG] Apply dependencies of \phpbb\db\migration\data\v31x\increase_size_of_dateformat.
[DEBUG] Apply dependencies of \phpbb\db\migration\data\v31x\v317.
[DEBUG] Apply dependencies of \phpbb\db\migration\data\v31x\v317rc1.
[DEBUG] Apply dependencies of \phpbb\db\migration\data\v31x\m_pm_report.
[DEBUG] Apply dependencies of \phpbb\db\migration\data\v31x\v316rc1.
[DEBUG] Apply dependencies of \phpbb\db\migration\data\v31x\v315.
[DEBUG] Apply dependencies of \phpbb\db\migration\data\v31x\v315rc1.
[DEBUG] Apply dependencies of \phpbb\db\migration\data\v31x\v314.
[DEBUG] Apply dependencies of \phpbb\db\migration\data\v31x\v314rc2.
[DEBUG] Apply dependencies of \phpbb\db\migration\data\v31x\v314rc1.
[DEBUG] Apply dependencies of \phpbb\db\migration\data\v31x\v313.
[DEBUG] Apply dependencies of \phpbb\db\migration\data\v31x\v313rc2.
[DEBUG] Apply dependencies of \phpbb\db\migration\data\v31x\v313rc1.
[DEBUG] Apply dependencies of \phpbb\db\migration\data\v31x\plupload_last_gc_dynamic.
[DEBUG] Apply dependencies of \phpbb\db\migration\data\v31x\v312.
[DEBUG] Apply dependencies of \phpbb\db\migration\data\v31x\v312rc1.
[DEBUG] Apply dependencies of \phpbb\db\migration\data\v31x\v311.
[DEBUG] Apply dependencies of \phpbb\db\migration\data\v310\gold.
[DEBUG] Apply dependencies of \phpbb\db\migration\data\v310\rc6.
[DEBUG] Apply dependencies of \phpbb\db\migration\data\v310\rc5.
[DEBUG] Apply dependencies of \phpbb\db\migration\data\v310\rc4.
[DEBUG] Apply dependencies of \phpbb\db\migration\data\v310\rc3.
[DEBUG] Apply dependencies of \phpbb\db\migration\data\v310\search_type.
[DEBUG] Installing Schema: \phpbb\db\migration\data\v310\search_type.
[INFO] Installed Schema: \phpbb\db\migration\data\v310\search_type; Time: 0.00 seconds
[DEBUG] Apply dependencies of \phpbb\db\migration\data\v320\v320rc1.
[DEBUG] Apply dependencies of \phpbb\db\migration\data\v31x\v319.
[DEBUG] Apply dependencies of \phpbb\db\migration\data\v31x\v319rc1.
[DEBUG] Apply dependencies of \phpbb\db\migration\data\v31x\v318.
[DEBUG] Apply dependencies of \phpbb\db\migration\data\v31x\v318rc1.
[DEBUG] Apply dependencies of \phpbb\db\migration\data\v31x\increase_size_of_dateformat.
[DEBUG] Apply dependencies of \phpbb\db\migration\data\v31x\v317.
[DEBUG] Apply dependencies of \phpbb\db\migration\data\v31x\v317rc1.
[DEBUG] Apply dependencies of \phpbb\db\migration\data\v31x\m_pm_report.
[DEBUG] Apply dependencies of \phpbb\db\migration\data\v31x\v316rc1.
[DEBUG] Apply dependencies of \phpbb\db\migration\data\v31x\v315.
[DEBUG] Apply dependencies of \phpbb\db\migration\data\v31x\v315rc1.
[DEBUG] Apply dependencies of \phpbb\db\migration\data\v31x\v314.
[DEBUG] Apply dependencies of \phpbb\db\migration\data\v31x\v314rc2.
[DEBUG] Apply dependencies of \phpbb\db\migration\data\v31x\v314rc1.
[DEBUG] Apply dependencies of \phpbb\db\migration\data\v31x\v313.
[DEBUG] Apply dependencies of \phpbb\db\migration\data\v31x\v313rc2.
[DEBUG] Apply dependencies of \phpbb\db\migration\data\v31x\v313rc1.
[DEBUG] Apply dependencies of \phpbb\db\migration\data\v31x\plupload_last_gc_dynamic.
[DEBUG] Apply dependencies of \phpbb\db\migration\data\v31x\v312.
[DEBUG] Apply dependencies of \phpbb\db\migration\data\v31x\v312rc1.
[DEBUG] Apply dependencies of \phpbb\db\migration\data\v31x\v311.
[DEBUG] Apply dependencies of \phpbb\db\migration\data\v310\gold.
[DEBUG] Apply dependencies of \phpbb\db\migration\data\v310\rc6.
[DEBUG] Apply dependencies of \phpbb\db\migration\data\v310\rc5.
[DEBUG] Apply dependencies of \phpbb\db\migration\data\v310\rc4.
[DEBUG] Apply dependencies of \phpbb\db\migration\data\v310\rc3.
[DEBUG] Apply dependencies of \phpbb\db\migration\data\v310\search_type.
[DEBUG] Installing Data: \phpbb\db\migration\data\v310\search_type.
[INFO] Installed Data: \phpbb\db\migration\data\v310\search_type; Time: 0.00 seconds
[DEBUG] Apply dependencies of \phpbb\db\migration\data\v320\v320rc1.
[DEBUG] Apply dependencies of \phpbb\db\migration\data\v31x\v319.
[DEBUG] Apply dependencies of \phpbb\db\migration\data\v31x\v319rc1.
[DEBUG] Apply dependencies of \phpbb\db\migration\data\v31x\v318.
[DEBUG] Apply dependencies of \phpbb\db\migration\data\v31x\v318rc1.
[DEBUG] Apply dependencies of \phpbb\db\migration\data\v31x\increase_size_of_dateformat.
[DEBUG] Apply dependencies of \phpbb\db\migration\data\v31x\v317.
[DEBUG] Apply dependencies of \phpbb\db\migration\data\v31x\v317rc1.
[DEBUG] Apply dependencies of \phpbb\db\migration\data\v31x\m_pm_report.
[DEBUG] Apply dependencies of \phpbb\db\migration\data\v31x\v316rc1.
[DEBUG] Apply dependencies of \phpbb\db\migration\data\v31x\v315.
[DEBUG] Apply dependencies of \phpbb\db\migration\data\v31x\v315rc1.
[DEBUG] Apply dependencies of \phpbb\db\migration\data\v31x\v314.
[DEBUG] Apply dependencies of \phpbb\db\migration\data\v31x\v314rc2.
[DEBUG] Apply dependencies of \phpbb\db\migration\data\v31x\v314rc1.
[DEBUG] Apply dependencies of \phpbb\db\migration\data\v31x\v313.
[DEBUG] Apply dependencies of \phpbb\db\migration\data\v31x\v313rc2.
[DEBUG] Apply dependencies of \phpbb\db\migration\data\v31x\v313rc1.
[DEBUG] Apply dependencies of \phpbb\db\migration\data\v31x\plupload_last_gc_dynamic.
[DEBUG] Apply dependencies of \phpbb\db\migration\data\v31x\v312.
[DEBUG] Apply dependencies of \phpbb\db\migration\data\v31x\v312rc1.
[DEBUG] Apply dependencies of \phpbb\db\migration\data\v31x\v311.
[DEBUG] Apply dependencies of \phpbb\db\migration\data\v310\gold.
[DEBUG] Apply dependencies of \phpbb\db\migration\data\v310\rc6.
[DEBUG] Apply dependencies of \phpbb\db\migration\data\v310\rc5.
[DEBUG] Apply dependencies of \phpbb\db\migration\data\v310\rc4.
[DEBUG] Apply dependencies of \phpbb\db\migration\data\v310\rc3.
[DEBUG] Apply dependencies of \phpbb\db\migration\data\v310\topic_sort_username.
[DEBUG] Installing Schema: \phpbb\db\migration\data\v310\topic_sort_username.
[INFO] Installed Schema: \phpbb\db\migration\data\v310\topic_sort_username; Time: 1.63 seconds
[DEBUG] Apply dependencies of \phpbb\db\migration\data\v320\v320rc1.
[DEBUG] Apply dependencies of \phpbb\db\migration\data\v31x\v319.
[DEBUG] Apply dependencies of \phpbb\db\migration\data\v31x\v319rc1.
[DEBUG] Apply dependencies of \phpbb\db\migration\data\v31x\v318.
[DEBUG] Apply dependencies of \phpbb\db\migration\data\v31x\v318rc1.
[DEBUG] Apply dependencies of \phpbb\db\migration\data\v31x\increase_size_of_dateformat.
[DEBUG] Apply dependencies of \phpbb\db\migration\data\v31x\v317.
[DEBUG] Apply dependencies of \phpbb\db\migration\data\v31x\v317rc1.
[DEBUG] Apply dependencies of \phpbb\db\migration\data\v31x\m_pm_report.
[DEBUG] Apply dependencies of \phpbb\db\migration\data\v31x\v316rc1.
[DEBUG] Apply dependencies of \phpbb\db\migration\data\v31x\v315.
[DEBUG] Apply dependencies of \phpbb\db\migration\data\v31x\v315rc1.
[DEBUG] Apply dependencies of \phpbb\db\migration\data\v31x\v314.
[DEBUG] Apply dependencies of \phpbb\db\migration\data\v31x\v314rc2.
[DEBUG] Apply dependencies of \phpbb\db\migration\data\v31x\v314rc1.
[DEBUG] Apply dependencies of \phpbb\db\migration\data\v31x\v313.
[DEBUG] Apply dependencies of \phpbb\db\migration\data\v31x\v313rc2.
[DEBUG] Apply dependencies of \phpbb\db\migration\data\v31x\v313rc1.
[DEBUG] Apply dependencies of \phpbb\db\migration\data\v31x\plupload_last_gc_dynamic.
[DEBUG] Apply dependencies of \phpbb\db\migration\data\v31x\v312.
[DEBUG] Apply dependencies of \phpbb\db\migration\data\v31x\v312rc1.
[DEBUG] Apply dependencies of \phpbb\db\migration\data\v31x\v311.
[DEBUG] Apply dependencies of \phpbb\db\migration\data\v310\gold.
[DEBUG] Apply dependencies of \phpbb\db\migration\data\v310\rc6.
[DEBUG] Apply dependencies of \phpbb\db\migration\data\v310\rc5.
[DEBUG] Apply dependencies of \phpbb\db\migration\data\v310\rc4.
[DEBUG] Apply dependencies of \phpbb\db\migration\data\v310\rc3.
[DEBUG] Apply dependencies of \phpbb\db\migration\data\v310\topic_sort_username.
[DEBUG] Installing Data: \phpbb\db\migration\data\v310\topic_sort_username.
[INFO] Installed Data: \phpbb\db\migration\data\v310\topic_sort_username; Time: 0.00 seconds
[DEBUG] Apply dependencies of \phpbb\db\migration\data\v320\v320rc1.
[DEBUG] Apply dependencies of \phpbb\db\migration\data\v31x\v319.
[DEBUG] Apply dependencies of \phpbb\db\migration\data\v31x\v319rc1.
[DEBUG] Apply dependencies of \phpbb\db\migration\data\v31x\v318.
[DEBUG] Apply dependencies of \phpbb\db\migration\data\v31x\v318rc1.
[DEBUG] Apply dependencies of \phpbb\db\migration\data\v31x\increase_size_of_dateformat.
[DEBUG] Apply dependencies of \phpbb\db\migration\data\v31x\v317.
[DEBUG] Apply dependencies of \phpbb\db\migration\data\v31x\v317rc1.
[DEBUG] Apply dependencies of \phpbb\db\migration\data\v31x\m_pm_report.
[DEBUG] Apply dependencies of \phpbb\db\migration\data\v31x\v316rc1.
[DEBUG] Apply dependencies of \phpbb\db\migration\data\v31x\v315.
[DEBUG] Apply dependencies of \phpbb\db\migration\data\v31x\v315rc1.
[DEBUG] Apply dependencies of \phpbb\db\migration\data\v31x\v314.
[DEBUG] Apply dependencies of \phpbb\db\migration\data\v31x\v314rc2.
[DEBUG] Apply dependencies of \phpbb\db\migration\data\v31x\v314rc1.
[DEBUG] Apply dependencies of \phpbb\db\migration\data\v31x\v313.
[DEBUG] Apply dependencies of \phpbb\db\migration\data\v31x\v313rc2.
[DEBUG] Apply dependencies of \phpbb\db\migration\data\v31x\v313rc1.
[DEBUG] Apply dependencies of \phpbb\db\migration\data\v31x\plupload_last_gc_dynamic.
[DEBUG] Apply dependencies of \phpbb\db\migration\data\v31x\v312.
[DEBUG] Apply dependencies of \phpbb\db\migration\data\v31x\v312rc1.
[DEBUG] Apply dependencies of \phpbb\db\migration\data\v31x\v311.
[DEBUG] Apply dependencies of \phpbb\db\migration\data\v310\gold.
[DEBUG] Apply dependencies of \phpbb\db\migration\data\v310\rc6.
[DEBUG] Apply dependencies of \phpbb\db\migration\data\v310\rc5.
[DEBUG] Apply dependencies of \phpbb\db\migration\data\v310\rc4.
[DEBUG] Apply dependencies of \phpbb\db\migration\data\v310\rc3.
[DEBUG] Installing Schema: \phpbb\db\migration\data\v310\rc3.
[INFO] Installed Schema: \phpbb\db\migration\data\v310\rc3; Time: 0.00 seconds
[DEBUG] Apply dependencies of \phpbb\db\migration\data\v320\v320rc1.
[DEBUG] Apply dependencies of \phpbb\db\migration\data\v31x\v319.
[DEBUG] Apply dependencies of \phpbb\db\migration\data\v31x\v319rc1.
[DEBUG] Apply dependencies of \phpbb\db\migration\data\v31x\v318.
[DEBUG] Apply dependencies of \phpbb\db\migration\data\v31x\v318rc1.
[DEBUG] Apply dependencies of \phpbb\db\migration\data\v31x\increase_size_of_dateformat.
[DEBUG] Apply dependencies of \phpbb\db\migration\data\v31x\v317.
[DEBUG] Apply dependencies of \phpbb\db\migration\data\v31x\v317rc1.
[DEBUG] Apply dependencies of \phpbb\db\migration\data\v31x\m_pm_report.
[DEBUG] Apply dependencies of \phpbb\db\migration\data\v31x\v316rc1.
[DEBUG] Apply dependencies of \phpbb\db\migration\data\v31x\v315.
[DEBUG] Apply dependencies of \phpbb\db\migration\data\v31x\v315rc1.
[DEBUG] Apply dependencies of \phpbb\db\migration\data\v31x\v314.
[DEBUG] Apply dependencies of \phpbb\db\migration\data\v31x\v314rc2.
[DEBUG] Apply dependencies of \phpbb\db\migration\data\v31x\v314rc1.
[DEBUG] Apply dependencies of \phpbb\db\migration\data\v31x\v313.
[DEBUG] Apply dependencies of \phpbb\db\migration\data\v31x\v313rc2.
[DEBUG] Apply dependencies of \phpbb\db\migration\data\v31x\v313rc1.
[DEBUG] Apply dependencies of \phpbb\db\migration\data\v31x\plupload_last_gc_dynamic.
[DEBUG] Apply dependencies of \phpbb\db\migration\data\v31x\v312.
[DEBUG] Apply dependencies of \phpbb\db\migration\data\v31x\v312rc1.
[DEBUG] Apply dependencies of \phpbb\db\migration\data\v31x\v311.
[DEBUG] Apply dependencies of \phpbb\db\migration\data\v310\gold.
[DEBUG] Apply dependencies of \phpbb\db\migration\data\v310\rc6.
[DEBUG] Apply dependencies of \phpbb\db\migration\data\v310\rc5.
[DEBUG] Apply dependencies of \phpbb\db\migration\data\v310\rc4.
[DEBUG] Apply dependencies of \phpbb\db\migration\data\v310\rc3.
[DEBUG] Installing Data: \phpbb\db\migration\data\v310\rc3.
[INFO] Installed Data: \phpbb\db\migration\data\v310\rc3; Time: 0.00 seconds
[DEBUG] Apply dependencies of \phpbb\db\migration\data\v320\v320rc1.
[DEBUG] Apply dependencies of \phpbb\db\migration\data\v31x\v319.
[DEBUG] Apply dependencies of \phpbb\db\migration\data\v31x\v319rc1.
[DEBUG] Apply dependencies of \phpbb\db\migration\data\v31x\v318.
[DEBUG] Apply dependencies of \phpbb\db\migration\data\v31x\v318rc1.
[DEBUG] Apply dependencies of \phpbb\db\migration\data\v31x\increase_size_of_dateformat.
[DEBUG] Apply dependencies of \phpbb\db\migration\data\v31x\v317.
[DEBUG] Apply dependencies of \phpbb\db\migration\data\v31x\v317rc1.
[DEBUG] Apply dependencies of \phpbb\db\migration\data\v31x\m_pm_report.
[DEBUG] Apply dependencies of \phpbb\db\migration\data\v31x\v316rc1.
[DEBUG] Apply dependencies of \phpbb\db\migration\data\v31x\v315.
[DEBUG] Apply dependencies of \phpbb\db\migration\data\v31x\v315rc1.
[DEBUG] Apply dependencies of \phpbb\db\migration\data\v31x\v314.
[DEBUG] Apply dependencies of \phpbb\db\migration\data\v31x\v314rc2.
[DEBUG] Apply dependencies of \phpbb\db\migration\data\v31x\v314rc1.
[DEBUG] Apply dependencies of \phpbb\db\migration\data\v31x\v313.
[DEBUG] Apply dependencies of \phpbb\db\migration\data\v31x\v313rc2.
[DEBUG] Apply dependencies of \phpbb\db\migration\data\v31x\v313rc1.
[DEBUG] Apply dependencies of \phpbb\db\migration\data\v31x\plupload_last_gc_dynamic.
[DEBUG] Apply dependencies of \phpbb\db\migration\data\v31x\v312.
[DEBUG] Apply dependencies of \phpbb\db\migration\data\v31x\v312rc1.
[DEBUG] Apply dependencies of \phpbb\db\migration\data\v31x\v311.
[DEBUG] Apply dependencies of \phpbb\db\migration\data\v310\gold.
[DEBUG] Apply dependencies of \phpbb\db\migration\data\v310\rc6.
[DEBUG] Apply dependencies of \phpbb\db\migration\data\v310\rc5.
[DEBUG] Apply dependencies of \phpbb\db\migration\data\v310\rc4.
[DEBUG] Apply dependencies of \phpbb\db\migration\data\v310\notifications_use_full_name.
[DEBUG] Installing Schema: \phpbb\db\migration\data\v310\notifications_use_full_name.
[INFO] Installed Schema: \phpbb\db\migration\data\v310\notifications_use_full_name; Time: 0.00 seconds
[DEBUG] Apply dependencies of \phpbb\db\migration\data\v320\v320rc1.
[DEBUG] Apply dependencies of \phpbb\db\migration\data\v31x\v319.
[DEBUG] Apply dependencies of \phpbb\db\migration\data\v31x\v319rc1.
[DEBUG] Apply dependencies of \phpbb\db\migration\data\v31x\v318.
[DEBUG] Apply dependencies of \phpbb\db\migration\data\v31x\v318rc1.
[DEBUG] Apply dependencies of \phpbb\db\migration\data\v31x\increase_size_of_dateformat.
[DEBUG] Apply dependencies of \phpbb\db\migration\data\v31x\v317.
[DEBUG] Apply dependencies of \phpbb\db\migration\data\v31x\v317rc1.
[DEBUG] Apply dependencies of \phpbb\db\migration\data\v31x\m_pm_report.
[DEBUG] Apply dependencies of \phpbb\db\migration\data\v31x\v316rc1.
[DEBUG] Apply dependencies of \phpbb\db\migration\data\v31x\v315.
[DEBUG] Apply dependencies of \phpbb\db\migration\data\v31x\v315rc1.
[DEBUG] Apply dependencies of \phpbb\db\migration\data\v31x\v314.
[DEBUG] Apply dependencies of \phpbb\db\migration\data\v31x\v314rc2.
[DEBUG] Apply dependencies of \phpbb\db\migration\data\v31x\v314rc1.
[DEBUG] Apply dependencies of \phpbb\db\migration\data\v31x\v313.
[DEBUG] Apply dependencies of \phpbb\db\migration\data\v31x\v313rc2.
[DEBUG] Apply dependencies of \phpbb\db\migration\data\v31x\v313rc1.
[DEBUG] Apply dependencies of \phpbb\db\migration\data\v31x\plupload_last_gc_dynamic.
[DEBUG] Apply dependencies of \phpbb\db\migration\data\v31x\v312.
[DEBUG] Apply dependencies of \phpbb\db\migration\data\v31x\v312rc1.
[DEBUG] Apply dependencies of \phpbb\db\migration\data\v31x\v311.
[DEBUG] Apply dependencies of \phpbb\db\migration\data\v310\gold.
[DEBUG] Apply dependencies of \phpbb\db\migration\data\v310\rc6.
[DEBUG] Apply dependencies of \phpbb\db\migration\data\v310\rc5.
[DEBUG] Apply dependencies of \phpbb\db\migration\data\v310\rc4.
[DEBUG] Apply dependencies of \phpbb\db\migration\data\v310\notifications_use_full_name.
[DEBUG] Installing Data: \phpbb\db\migration\data\v310\notifications_use_full_name.
[DEBUG] Installing Data: \phpbb\db\migration\data\v310\notifications_use_full_name; Time: 12.02 seconds
[DEBUG] Apply dependencies of \phpbb\db\migration\data\v320\v320rc1.
[DEBUG] Apply dependencies of \phpbb\db\migration\data\v31x\v319.
[DEBUG] Apply dependencies of \phpbb\db\migration\data\v31x\v319rc1.
[DEBUG] Apply dependencies of \phpbb\db\migration\data\v31x\v318.
[DEBUG] Apply dependencies of \phpbb\db\migration\data\v31x\v318rc1.
[DEBUG] Apply dependencies of \phpbb\db\migration\data\v31x\increase_size_of_dateformat.
[DEBUG] Apply dependencies of \phpbb\db\migration\data\v31x\v317.
[DEBUG] Apply dependencies of \phpbb\db\migration\data\v31x\v317rc1.
[DEBUG] Apply dependencies of \phpbb\db\migration\data\v31x\m_pm_report.
[DEBUG] Apply dependencies of \phpbb\db\migration\data\v31x\v316rc1.
[DEBUG] Apply dependencies of \phpbb\db\migration\data\v31x\v315.
[DEBUG] Apply dependencies of \phpbb\db\migration\data\v31x\v315rc1.
[DEBUG] Apply dependencies of \phpbb\db\migration\data\v31x\v314.
[DEBUG] Apply dependencies of \phpbb\db\migration\data\v31x\v314rc2.
[DEBUG] Apply dependencies of \phpbb\db\migration\data\v31x\v314rc1.
[DEBUG] Apply dependencies of \phpbb\db\migration\data\v31x\v313.
[DEBUG] Apply dependencies of \phpbb\db\migration\data\v31x\v313rc2.
[DEBUG] Apply dependencies of \phpbb\db\migration\data\v31x\v313rc1.
[DEBUG] Apply dependencies of \phpbb\db\migration\data\v31x\plupload_last_gc_dynamic.
[DEBUG] Apply dependencies of \phpbb\db\migration\data\v31x\v312.
[DEBUG] Apply dependencies of \phpbb\db\migration\data\v31x\v312rc1.
[DEBUG] Apply dependencies of \phpbb\db\migration\data\v31x\v311.
[DEBUG] Apply dependencies of \phpbb\db\migration\data\v310\gold.
[DEBUG] Apply dependencies of \phpbb\db\migration\data\v310\rc6.
[DEBUG] Apply dependencies of \phpbb\db\migration\data\v310\rc5.
[DEBUG] Apply dependencies of \phpbb\db\migration\data\v310\rc4.
[DEBUG] Apply dependencies of \phpbb\db\migration\data\v310\notifications_use_full_name.
[DEBUG] Installing Data: \phpbb\db\migration\data\v310\notifications_use_full_name.
[INFO] Installed Data: \phpbb\db\migration\data\v310\notifications_use_full_name; Time: 15.13 seconds
