[DEBUG] Apply dependencies of \phpbb\db\migration\data\v330\add_display_unapproved_posts_config.
[DEBUG] Apply dependencies of \phpbb\db\migration\data\v330\dev.
[DEBUG] Apply dependencies of \phpbb\db\migration\data\v32x\v327.
[DEBUG] Apply dependencies of \phpbb\db\migration\data\v32x\v327rc1.
[DEBUG] Apply dependencies of \phpbb\db\migration\data\v32x\v326.
[DEBUG] Apply dependencies of \phpbb\db\migration\data\v32x\v326rc1.
[DEBUG] Apply dependencies of \phpbb\db\migration\data\v32x\v325.
[DEBUG] Apply dependencies of \phpbb\db\migration\data\v32x\v325rc1.
[DEBUG] Apply dependencies of \phpbb\db\migration\data\v32x\v324.
[DEBUG] Apply dependencies of \phpbb\db\migration\data\v32x\v324rc1.
[DEBUG] Apply dependencies of \phpbb\db\migration\data\v32x\forum_topics_per_page_type.
[DEBUG] Installing Schema: \phpbb\db\migration\data\v32x\forum_topics_per_page_type.
[INFO] Installed Schema: \phpbb\db\migration\data\v32x\forum_topics_per_page_type; Time: 0.11 seconds
[DEBUG] Apply dependencies of \phpbb\db\migration\data\v330\add_display_unapproved_posts_config.
[DEBUG] Apply dependencies of \phpbb\db\migration\data\v330\dev.
[DEBUG] Apply dependencies of \phpbb\db\migration\data\v32x\v327.
[DEBUG] Apply dependencies of \phpbb\db\migration\data\v32x\v327rc1.
[DEBUG] Apply dependencies of \phpbb\db\migration\data\v32x\v326.
[DEBUG] Apply dependencies of \phpbb\db\migration\data\v32x\v326rc1.
[DEBUG] Apply dependencies of \phpbb\db\migration\data\v32x\v325.
[DEBUG] Apply dependencies of \phpbb\db\migration\data\v32x\v325rc1.
[DEBUG] Apply dependencies of \phpbb\db\migration\data\v32x\v324.
[DEBUG] Apply dependencies of \phpbb\db\migration\data\v32x\v324rc1.
[DEBUG] Apply dependencies of \phpbb\db\migration\data\v32x\forum_topics_per_page_type.
[DEBUG] Installing Data: \phpbb\db\migration\data\v32x\forum_topics_per_page_type.
[INFO] Installed Data: \phpbb\db\migration\data\v32x\forum_topics_per_page_type; Time: 0.00 seconds
[DEBUG] Apply dependencies of \phpbb\db\migration\data\v330\add_display_unapproved_posts_config.
[DEBUG] Apply dependencies of \phpbb\db\migration\data\v330\dev.
[DEBUG] Apply dependencies of \phpbb\db\migration\data\v32x\v327.
[DEBUG] Apply dependencies of \phpbb\db\migration\data\v32x\v327rc1.
[DEBUG] Apply dependencies of \phpbb\db\migration\data\v32x\v326.
[DEBUG] Apply dependencies of \phpbb\db\migration\data\v32x\v326rc1.
[DEBUG] Apply dependencies of \phpbb\db\migration\data\v32x\v325.
[DEBUG] Apply dependencies of \phpbb\db\migration\data\v32x\v325rc1.
[DEBUG] Apply dependencies of \phpbb\db\migration\data\v32x\v324.
[DEBUG] Apply dependencies of \phpbb\db\migration\data\v32x\v324rc1.
[DEBUG] Installing Schema: \phpbb\db\migration\data\v32x\v324rc1.
[INFO] Installed Schema: \phpbb\db\migration\data\v32x\v324rc1; Time: 0.00 seconds
[DEBUG] Apply dependencies of \phpbb\db\migration\data\v330\add_display_unapproved_posts_config.
[DEBUG] Apply dependencies of \phpbb\db\migration\data\v330\dev.
[DEBUG] Apply dependencies of \phpbb\db\migration\data\v32x\v327.
[DEBUG] Apply dependencies of \phpbb\db\migration\data\v32x\v327rc1.
[DEBUG] Apply dependencies of \phpbb\db\migration\data\v32x\v326.
[DEBUG] Apply dependencies of \phpbb\db\migration\data\v32x\v326rc1.
[DEBUG] Apply dependencies of \phpbb\db\migration\data\v32x\v325.
[DEBUG] Apply dependencies of \phpbb\db\migration\data\v32x\v325rc1.
[DEBUG] Apply dependencies of \phpbb\db\migration\data\v32x\v324.
[DEBUG] Apply dependencies of \phpbb\db\migration\data\v32x\v324rc1.
[DEBUG] Installing Data: \phpbb\db\migration\data\v32x\v324rc1.
[INFO] Installed Data: \phpbb\db\migration\data\v32x\v324rc1; Time: 0.00 seconds
[DEBUG] Apply dependencies of \phpbb\db\migration\data\v330\add_display_unapproved_posts_config.
[DEBUG] Apply dependencies of \phpbb\db\migration\data\v330\dev.
[DEBUG] Apply dependencies of \phpbb\db\migration\data\v32x\v327.
[DEBUG] Apply dependencies of \phpbb\db\migration\data\v32x\v327rc1.
[DEBUG] Apply dependencies of \phpbb\db\migration\data\v32x\v326.
[DEBUG] Apply dependencies of \phpbb\db\migration\data\v32x\v326rc1.
[DEBUG] Apply dependencies of \phpbb\db\migration\data\v32x\v325.
[DEBUG] Apply dependencies of \phpbb\db\migration\data\v32x\v325rc1.
[DEBUG] Apply dependencies of \phpbb\db\migration\data\v32x\v324.
[DEBUG] Apply dependencies of \phpbb\db\migration\data\v32x\remove_imagick.
[DEBUG] Installing Schema: \phpbb\db\migration\data\v32x\remove_imagick.
[INFO] Installed Schema: \phpbb\db\migration\data\v32x\remove_imagick; Time: 0.00 seconds
[DEBUG] Apply dependencies of \phpbb\db\migration\data\v330\add_display_unapproved_posts_config.
[DEBUG] Apply dependencies of \phpbb\db\migration\data\v330\dev.
[DEBUG] Apply dependencies of \phpbb\db\migration\data\v32x\v327.
[DEBUG] Apply dependencies of \phpbb\db\migration\data\v32x\v327rc1.
[DEBUG] Apply dependencies of \phpbb\db\migration\data\v32x\v326.
[DEBUG] Apply dependencies of \phpbb\db\migration\data\v32x\v326rc1.
[DEBUG] Apply dependencies of \phpbb\db\migration\data\v32x\v325.
[DEBUG] Apply dependencies of \phpbb\db\migration\data\v32x\v325rc1.
[DEBUG] Apply dependencies of \phpbb\db\migration\data\v32x\v324.
[DEBUG] Apply dependencies of \phpbb\db\migration\data\v32x\remove_imagick.
[DEBUG] Installing Data: \phpbb\db\migration\data\v32x\remove_imagick.
[INFO] Installed Data: \phpbb\db\migration\data\v32x\remove_imagick; Time: 0.00 seconds
[DEBUG] Apply dependencies of \phpbb\db\migration\data\v330\add_display_unapproved_posts_config.
[DEBUG] Apply dependencies of \phpbb\db\migration\data\v330\dev.
[DEBUG] Apply dependencies of \phpbb\db\migration\data\v32x\v327.
[DEBUG] Apply dependencies of \phpbb\db\migration\data\v32x\v327rc1.
[DEBUG] Apply dependencies of \phpbb\db\migration\data\v32x\v326.
[DEBUG] Apply dependencies of \phpbb\db\migration\data\v32x\v326rc1.
[DEBUG] Apply dependencies of \phpbb\db\migration\data\v32x\v325.
[DEBUG] Apply dependencies of \phpbb\db\migration\data\v32x\v325rc1.
[DEBUG] Apply dependencies of \phpbb\db\migration\data\v32x\v324.
[DEBUG] Installing Schema: \phpbb\db\migration\data\v32x\v324.
[INFO] Installed Schema: \phpbb\db\migration\data\v32x\v324; Time: 0.00 seconds
[DEBUG] Apply dependencies of \phpbb\db\migration\data\v330\add_display_unapproved_posts_config.
[DEBUG] Apply dependencies of \phpbb\db\migration\data\v330\dev.
[DEBUG] Apply dependencies of \phpbb\db\migration\data\v32x\v327.
[DEBUG] Apply dependencies of \phpbb\db\migration\data\v32x\v327rc1.
[DEBUG] Apply dependencies of \phpbb\db\migration\data\v32x\v326.
[DEBUG] Apply dependencies of \phpbb\db\migration\data\v32x\v326rc1.
[DEBUG] Apply dependencies of \phpbb\db\migration\data\v32x\v325.
[DEBUG] Apply dependencies of \phpbb\db\migration\data\v32x\v325rc1.
[DEBUG] Apply dependencies of \phpbb\db\migration\data\v32x\v324.
[DEBUG] Installing Data: \phpbb\db\migration\data\v32x\v324.
[INFO] Installed Data: \phpbb\db\migration\data\v32x\v324; Time: 0.01 seconds
[DEBUG] Apply dependencies of \phpbb\db\migration\data\v330\add_display_unapproved_posts_config.
[DEBUG] Apply dependencies of \phpbb\db\migration\data\v330\dev.
[DEBUG] Apply dependencies of \phpbb\db\migration\data\v32x\v327.
[DEBUG] Apply dependencies of \phpbb\db\migration\data\v32x\v327rc1.
[DEBUG] Apply dependencies of \phpbb\db\migration\data\v32x\v326.
[DEBUG] Apply dependencies of \phpbb\db\migration\data\v32x\v326rc1.
[DEBUG] Apply dependencies of \phpbb\db\migration\data\v32x\v325.
[DEBUG] Apply dependencies of \phpbb\db\migration\data\v32x\v325rc1.
[DEBUG] Installing Schema: \phpbb\db\migration\data\v32x\v325rc1.
[INFO] Installed Schema: \phpbb\db\migration\data\v32x\v325rc1; Time: 0.00 seconds
[DEBUG] Apply dependencies of \phpbb\db\migration\data\v330\add_display_unapproved_posts_config.
[DEBUG] Apply dependencies of \phpbb\db\migration\data\v330\dev.
[DEBUG] Apply dependencies of \phpbb\db\migration\data\v32x\v327.
[DEBUG] Apply dependencies of \phpbb\db\migration\data\v32x\v327rc1.
[DEBUG] Apply dependencies of \phpbb\db\migration\data\v32x\v326.
[DEBUG] Apply dependencies of \phpbb\db\migration\data\v32x\v326rc1.
[DEBUG] Apply dependencies of \phpbb\db\migration\data\v32x\v325.
[DEBUG] Apply dependencies of \phpbb\db\migration\data\v32x\v325rc1.
[DEBUG] Installing Data: \phpbb\db\migration\data\v32x\v325rc1.
[INFO] Installed Data: \phpbb\db\migration\data\v32x\v325rc1; Time: 0.00 seconds
[DEBUG] Apply dependencies of \phpbb\db\migration\data\v330\add_display_unapproved_posts_config.
[DEBUG] Apply dependencies of \phpbb\db\migration\data\v330\dev.
[DEBUG] Apply dependencies of \phpbb\db\migration\data\v32x\v327.
[DEBUG] Apply dependencies of \phpbb\db\migration\data\v32x\v327rc1.
[DEBUG] Apply dependencies of \phpbb\db\migration\data\v32x\v326.
[DEBUG] Apply dependencies of \phpbb\db\migration\data\v32x\v326rc1.
[DEBUG] Apply dependencies of \phpbb\db\migration\data\v32x\v325.
[DEBUG] Apply dependencies of \phpbb\db\migration\data\v32x\jquery_update.
[DEBUG] Installing Schema: \phpbb\db\migration\data\v32x\jquery_update.
[INFO] Installed Schema: \phpbb\db\migration\data\v32x\jquery_update; Time: 0.00 seconds
[DEBUG] Apply dependencies of \phpbb\db\migration\data\v330\add_display_unapproved_posts_config.
[DEBUG] Apply dependencies of \phpbb\db\migration\data\v330\dev.
[DEBUG] Apply dependencies of \phpbb\db\migration\data\v32x\v327.
[DEBUG] Apply dependencies of \phpbb\db\migration\data\v32x\v327rc1.
[DEBUG] Apply dependencies of \phpbb\db\migration\data\v32x\v326.
[DEBUG] Apply dependencies of \phpbb\db\migration\data\v32x\v326rc1.
[DEBUG] Apply dependencies of \phpbb\db\migration\data\v32x\v325.
[DEBUG] Apply dependencies of \phpbb\db\migration\data\v32x\jquery_update.
[DEBUG] Installing Data: \phpbb\db\migration\data\v32x\jquery_update.
[INFO] Installed Data: \phpbb\db\migration\data\v32x\jquery_update; Time: 0.00 seconds
[DEBUG] Apply dependencies of \phpbb\db\migration\data\v330\add_display_unapproved_posts_config.
[DEBUG] Apply dependencies of \phpbb\db\migration\data\v330\dev.
[DEBUG] Apply dependencies of \phpbb\db\migration\data\v32x\v327.
[DEBUG] Apply dependencies of \phpbb\db\migration\data\v32x\v327rc1.
[DEBUG] Apply dependencies of \phpbb\db\migration\data\v32x\v326.
[DEBUG] Apply dependencies of \phpbb\db\migration\data\v32x\v326rc1.
[DEBUG] Apply dependencies of \phpbb\db\migration\data\v32x\v325.
[DEBUG] Installing Schema: \phpbb\db\migration\data\v32x\v325.
[INFO] Installed Schema: \phpbb\db\migration\data\v32x\v325; Time: 0.00 seconds
[DEBUG] Apply dependencies of \phpbb\db\migration\data\v330\add_display_unapproved_posts_config.
[DEBUG] Apply dependencies of \phpbb\db\migration\data\v330\dev.
[DEBUG] Apply dependencies of \phpbb\db\migration\data\v32x\v327.
[DEBUG] Apply dependencies of \phpbb\db\migration\data\v32x\v327rc1.
[DEBUG] Apply dependencies of \phpbb\db\migration\data\v32x\v326.
[DEBUG] Apply dependencies of \phpbb\db\migration\data\v32x\v326rc1.
[DEBUG] Apply dependencies of \phpbb\db\migration\data\v32x\v325.
[DEBUG] Installing Data: \phpbb\db\migration\data\v32x\v325.
[INFO] Installed Data: \phpbb\db\migration\data\v32x\v325; Time: 0.01 seconds
[DEBUG] Apply dependencies of \phpbb\db\migration\data\v330\add_display_unapproved_posts_config.
[DEBUG] Apply dependencies of \phpbb\db\migration\data\v330\dev.
[DEBUG] Apply dependencies of \phpbb\db\migration\data\v32x\v327.
[DEBUG] Apply dependencies of \phpbb\db\migration\data\v32x\v327rc1.
[DEBUG] Apply dependencies of \phpbb\db\migration\data\v32x\v326.
[DEBUG] Apply dependencies of \phpbb\db\migration\data\v32x\v326rc1.
[DEBUG] Installing Schema: \phpbb\db\migration\data\v32x\v326rc1.
[INFO] Installed Schema: \phpbb\db\migration\data\v32x\v326rc1; Time: 0.00 seconds
[DEBUG] Apply dependencies of \phpbb\db\migration\data\v330\add_display_unapproved_posts_config.
[DEBUG] Apply dependencies of \phpbb\db\migration\data\v330\dev.
[DEBUG] Apply dependencies of \phpbb\db\migration\data\v32x\v327.
[DEBUG] Apply dependencies of \phpbb\db\migration\data\v32x\v327rc1.
[DEBUG] Apply dependencies of \phpbb\db\migration\data\v32x\v326.
[DEBUG] Apply dependencies of \phpbb\db\migration\data\v32x\v326rc1.
[DEBUG] Installing Data: \phpbb\db\migration\data\v32x\v326rc1.
[INFO] Installed Data: \phpbb\db\migration\data\v32x\v326rc1; Time: 0.00 seconds
[DEBUG] Apply dependencies of \phpbb\db\migration\data\v330\add_display_unapproved_posts_config.
[DEBUG] Apply dependencies of \phpbb\db\migration\data\v330\dev.
[DEBUG] Apply dependencies of \phpbb\db\migration\data\v32x\v327.
[DEBUG] Apply dependencies of \phpbb\db\migration\data\v32x\v327rc1.
[DEBUG] Apply dependencies of \phpbb\db\migration\data\v32x\v326.
[DEBUG] Apply dependencies of \phpbb\db\migration\data\v32x\disable_remote_avatar.
[DEBUG] Installing Schema: \phpbb\db\migration\data\v32x\disable_remote_avatar.
[INFO] Installed Schema: \phpbb\db\migration\data\v32x\disable_remote_avatar; Time: 0.00 seconds
[DEBUG] Apply dependencies of \phpbb\db\migration\data\v330\add_display_unapproved_posts_config.
[DEBUG] Apply dependencies of \phpbb\db\migration\data\v330\dev.
[DEBUG] Apply dependencies of \phpbb\db\migration\data\v32x\v327.
[DEBUG] Apply dependencies of \phpbb\db\migration\data\v32x\v327rc1.
[DEBUG] Apply dependencies of \phpbb\db\migration\data\v32x\v326.
[DEBUG] Apply dependencies of \phpbb\db\migration\data\v32x\disable_remote_avatar.
[DEBUG] Installing Data: \phpbb\db\migration\data\v32x\disable_remote_avatar.
[DEBUG] Installing Data: \phpbb\db\migration\data\v32x\disable_remote_avatar; Time: 0.01 seconds
[DEBUG] Apply dependencies of \phpbb\db\migration\data\v330\add_display_unapproved_posts_config.
[DEBUG] Apply dependencies of \phpbb\db\migration\data\v330\dev.
[DEBUG] Apply dependencies of \phpbb\db\migration\data\v32x\v327.
[DEBUG] Apply dependencies of \phpbb\db\migration\data\v32x\v327rc1.
[DEBUG] Apply dependencies of \phpbb\db\migration\data\v32x\v326.
[DEBUG] Apply dependencies of \phpbb\db\migration\data\v32x\disable_remote_avatar.
[DEBUG] Installing Data: \phpbb\db\migration\data\v32x\disable_remote_avatar.
[INFO] Installed Data: \phpbb\db\migration\data\v32x\disable_remote_avatar; Time: 0.01 seconds
[DEBUG] Apply dependencies of \phpbb\db\migration\data\v330\add_display_unapproved_posts_config.
[DEBUG] Apply dependencies of \phpbb\db\migration\data\v330\dev.
[DEBUG] Apply dependencies of \phpbb\db\migration\data\v32x\v327.
[DEBUG] Apply dependencies of \phpbb\db\migration\data\v32x\v327rc1.
[DEBUG] Apply dependencies of \phpbb\db\migration\data\v32x\v326.
[DEBUG] Apply dependencies of \phpbb\db\migration\data\v32x\smtp_dynamic_data.
[DEBUG] Installing Schema: \phpbb\db\migration\data\v32x\smtp_dynamic_data.
[INFO] Installed Schema: \phpbb\db\migration\data\v32x\smtp_dynamic_data; Time: 0.00 seconds
[DEBUG] Apply dependencies of \phpbb\db\migration\data\v330\add_display_unapproved_posts_config.
[DEBUG] Apply dependencies of \phpbb\db\migration\data\v330\dev.
[DEBUG] Apply dependencies of \phpbb\db\migration\data\v32x\v327.
[DEBUG] Apply dependencies of \phpbb\db\migration\data\v32x\v327rc1.
[DEBUG] Apply dependencies of \phpbb\db\migration\data\v32x\v326.
[DEBUG] Apply dependencies of \phpbb\db\migration\data\v32x\smtp_dynamic_data.
[DEBUG] Installing Data: \phpbb\db\migration\data\v32x\smtp_dynamic_data.
[INFO] Installed Data: \phpbb\db\migration\data\v32x\smtp_dynamic_data; Time: 0.00 seconds
[DEBUG] Apply dependencies of \phpbb\db\migration\data\v330\add_display_unapproved_posts_config.
[DEBUG] Apply dependencies of \phpbb\db\migration\data\v330\dev.
[DEBUG] Apply dependencies of \phpbb\db\migration\data\v32x\v327.
[DEBUG] Apply dependencies of \phpbb\db\migration\data\v32x\v327rc1.
[DEBUG] Apply dependencies of \phpbb\db\migration\data\v32x\v326.
[DEBUG] Installing Schema: \phpbb\db\migration\data\v32x\v326.
[INFO] Installed Schema: \phpbb\db\migration\data\v32x\v326; Time: 0.00 seconds
[DEBUG] Apply dependencies of \phpbb\db\migration\data\v330\add_display_unapproved_posts_config.
[DEBUG] Apply dependencies of \phpbb\db\migration\data\v330\dev.
[DEBUG] Apply dependencies of \phpbb\db\migration\data\v32x\v327.
[DEBUG] Apply dependencies of \phpbb\db\migration\data\v32x\v327rc1.
[DEBUG] Apply dependencies of \phpbb\db\migration\data\v32x\v326.
[DEBUG] Installing Data: \phpbb\db\migration\data\v32x\v326.
[INFO] Installed Data: \phpbb\db\migration\data\v32x\v326; Time: 0.00 seconds
[DEBUG] Apply dependencies of \phpbb\db\migration\data\v330\add_display_unapproved_posts_config.
[DEBUG] Apply dependencies of \phpbb\db\migration\data\v330\dev.
[DEBUG] Apply dependencies of \phpbb\db\migration\data\v32x\v327.
[DEBUG] Apply dependencies of \phpbb\db\migration\data\v32x\v327rc1.
[DEBUG] Installing Schema: \phpbb\db\migration\data\v32x\v327rc1.
[INFO] Installed Schema: \phpbb\db\migration\data\v32x\v327rc1; Time: 0.00 seconds
[DEBUG] Apply dependencies of \phpbb\db\migration\data\v330\add_display_unapproved_posts_config.
[DEBUG] Apply dependencies of \phpbb\db\migration\data\v330\dev.
[DEBUG] Apply dependencies of \phpbb\db\migration\data\v32x\v327.
[DEBUG] Apply dependencies of \phpbb\db\migration\data\v32x\v327rc1.
[DEBUG] Installing Data: \phpbb\db\migration\data\v32x\v327rc1.
[INFO] Installed Data: \phpbb\db\migration\data\v32x\v327rc1; Time: 0.01 seconds
[DEBUG] Apply dependencies of \phpbb\db\migration\data\v330\add_display_unapproved_posts_config.
[DEBUG] Apply dependencies of \phpbb\db\migration\data\v330\dev.
[DEBUG] Apply dependencies of \phpbb\db\migration\data\v32x\v327.
[DEBUG] Installing Schema: \phpbb\db\migration\data\v32x\v327.
[INFO] Installed Schema: \phpbb\db\migration\data\v32x\v327; Time: 0.00 seconds
[DEBUG] Apply dependencies of \phpbb\db\migration\data\v330\add_display_unapproved_posts_config.
[DEBUG] Apply dependencies of \phpbb\db\migration\data\v330\dev.
[DEBUG] Apply dependencies of \phpbb\db\migration\data\v32x\v327.
[DEBUG] Installing Data: \phpbb\db\migration\data\v32x\v327.
[INFO] Installed Data: \phpbb\db\migration\data\v32x\v327; Time: 0.00 seconds
[DEBUG] Apply dependencies of \phpbb\db\migration\data\v330\add_display_unapproved_posts_config.
[DEBUG] Apply dependencies of \phpbb\db\migration\data\v330\dev.
[DEBUG] Installing Schema: \phpbb\db\migration\data\v330\dev.
[INFO] Installed Schema: \phpbb\db\migration\data\v330\dev; Time: 0.00 seconds
[DEBUG] Apply dependencies of \phpbb\db\migration\data\v330\add_display_unapproved_posts_config.
[DEBUG] Apply dependencies of \phpbb\db\migration\data\v330\dev.
[DEBUG] Installing Data: \phpbb\db\migration\data\v330\dev.
[INFO] Installed Data: \phpbb\db\migration\data\v330\dev; Time: 0.00 seconds
[DEBUG] Apply dependencies of \phpbb\db\migration\data\v330\add_display_unapproved_posts_config.
[DEBUG] Installing Schema: \phpbb\db\migration\data\v330\add_display_unapproved_posts_config.
[INFO] Installed Schema: \phpbb\db\migration\data\v330\add_display_unapproved_posts_config; Time: 0.00 seconds
[DEBUG] Apply dependencies of \phpbb\db\migration\data\v330\add_display_unapproved_posts_config.
[DEBUG] Installing Data: \phpbb\db\migration\data\v330\add_display_unapproved_posts_config.
[INFO] Installed Data: \phpbb\db\migration\data\v330\add_display_unapproved_posts_config; Time: 0.00 seconds
[DEBUG] Migration already effectively installed (skipped): \phpbb\db\migration\data\v330\add_display_unapproved_posts_config
[DEBUG] Apply dependencies of \phpbb\db\migration\data\v330\v330b1.
[DEBUG] Apply dependencies of \phpbb\db\migration\data\v330\jquery_update.
[DEBUG] Installing Schema: \phpbb\db\migration\data\v330\jquery_update.
[INFO] Installed Schema: \phpbb\db\migration\data\v330\jquery_update; Time: 0.00 seconds
[DEBUG] Migration already effectively installed (skipped): \phpbb\db\migration\data\v330\add_display_unapproved_posts_config
[DEBUG] Apply dependencies of \phpbb\db\migration\data\v330\v330b1.
[DEBUG] Apply dependencies of \phpbb\db\migration\data\v330\jquery_update.
[DEBUG] Installing Data: \phpbb\db\migration\data\v330\jquery_update.
[INFO] Installed Data: \phpbb\db\migration\data\v330\jquery_update; Time: 0.00 seconds
[DEBUG] Migration already effectively installed (skipped): \phpbb\db\migration\data\v330\add_display_unapproved_posts_config
[DEBUG] Apply dependencies of \phpbb\db\migration\data\v330\v330b1.
[DEBUG] Apply dependencies of \phpbb\db\migration\data\v330\reset_password.
[DEBUG] Installing Schema: \phpbb\db\migration\data\v330\reset_password.
[DEBUG] Installing Schema: \phpbb\db\migration\data\v330\reset_password; Time: 6.42 seconds
[DEBUG] Migration already effectively installed (skipped): \phpbb\db\migration\data\v330\add_display_unapproved_posts_config
[DEBUG] Apply dependencies of \phpbb\db\migration\data\v330\v330b1.
[DEBUG] Apply dependencies of \phpbb\db\migration\data\v330\reset_password.
[DEBUG] Installing Schema: \phpbb\db\migration\data\v330\reset_password.
[INFO] Installed Schema: \phpbb\db\migration\data\v330\reset_password; Time: 12.22 seconds
[DEBUG] Migration already effectively installed (skipped): \phpbb\db\migration\data\v330\add_display_unapproved_posts_config
[DEBUG] Apply dependencies of \phpbb\db\migration\data\v330\v330b1.
[DEBUG] Apply dependencies of \phpbb\db\migration\data\v330\reset_password.
[DEBUG] Installing Data: \phpbb\db\migration\data\v330\reset_password.
[INFO] Installed Data: \phpbb\db\migration\data\v330\reset_password; Time: 0.00 seconds
[DEBUG] Migration already effectively installed (skipped): \phpbb\db\migration\data\v330\add_display_unapproved_posts_config
[DEBUG] Apply dependencies of \phpbb\db\migration\data\v330\v330b1.
[DEBUG] Apply dependencies of \phpbb\db\migration\data\v330\remove_attachment_flash.
[DEBUG] Installing Schema: \phpbb\db\migration\data\v330\remove_attachment_flash.
[INFO] Installed Schema: \phpbb\db\migration\data\v330\remove_attachment_flash; Time: 0.00 seconds
[DEBUG] Migration already effectively installed (skipped): \phpbb\db\migration\data\v330\add_display_unapproved_posts_config
[DEBUG] Apply dependencies of \phpbb\db\migration\data\v330\v330b1.
[DEBUG] Apply dependencies of \phpbb\db\migration\data\v330\remove_attachment_flash.
[DEBUG] Installing Data: \phpbb\db\migration\data\v330\remove_attachment_flash.
[INFO] Installed Data: \phpbb\db\migration\data\v330\remove_attachment_flash; Time: 0.01 seconds
[DEBUG] Migration already effectively installed (skipped): \phpbb\db\migration\data\v330\add_display_unapproved_posts_config
[DEBUG] Apply dependencies of \phpbb\db\migration\data\v330\v330b1.
[DEBUG] Apply dependencies of \phpbb\db\migration\data\v330\remove_max_pass_chars.
[DEBUG] Installing Schema: \phpbb\db\migration\data\v330\remove_max_pass_chars.
[INFO] Installed Schema: \phpbb\db\migration\data\v330\remove_max_pass_chars; Time: 0.00 seconds
[DEBUG] Migration already effectively installed (skipped): \phpbb\db\migration\data\v330\add_display_unapproved_posts_config
[DEBUG] Apply dependencies of \phpbb\db\migration\data\v330\v330b1.
[DEBUG] Apply dependencies of \phpbb\db\migration\data\v330\remove_max_pass_chars.
[DEBUG] Installing Data: \phpbb\db\migration\data\v330\remove_max_pass_chars.
[INFO] Installed Data: \phpbb\db\migration\data\v330\remove_max_pass_chars; Time: 0.00 seconds
[DEBUG] Migration already effectively installed (skipped): \phpbb\db\migration\data\v330\add_display_unapproved_posts_config
[DEBUG] Apply dependencies of \phpbb\db\migration\data\v330\v330b1.
[DEBUG] Apply dependencies of \phpbb\db\migration\data\v32x\v328.
[DEBUG] Apply dependencies of \phpbb\db\migration\data\v32x\v328rc1.
[DEBUG] Apply dependencies of \phpbb\db\migration\data\v32x\timezone_p3.
[DEBUG] Installing Schema: \phpbb\db\migration\data\v32x\timezone_p3.
[INFO] Installed Schema: \phpbb\db\migration\data\v32x\timezone_p3; Time: 0.00 seconds
[DEBUG] Migration already effectively installed (skipped): \phpbb\db\migration\data\v330\add_display_unapproved_posts_config
[DEBUG] Apply dependencies of \phpbb\db\migration\data\v330\v330b1.
[DEBUG] Apply dependencies of \phpbb\db\migration\data\v32x\v328.
[DEBUG] Apply dependencies of \phpbb\db\migration\data\v32x\v328rc1.
[DEBUG] Apply dependencies of \phpbb\db\migration\data\v32x\timezone_p3.
[DEBUG] Installing Data: \phpbb\db\migration\data\v32x\timezone_p3.
[INFO] Installed Data: \phpbb\db\migration\data\v32x\timezone_p3; Time: 0.00 seconds
[DEBUG] Migration already effectively installed (skipped): \phpbb\db\migration\data\v330\add_display_unapproved_posts_config
[DEBUG] Apply dependencies of \phpbb\db\migration\data\v330\v330b1.
[DEBUG] Apply dependencies of \phpbb\db\migration\data\v32x\v328.
[DEBUG] Apply dependencies of \phpbb\db\migration\data\v32x\v328rc1.
[DEBUG] Migration already effectively installed (skipped): \phpbb\db\migration\data\v32x\v328rc1
[DEBUG] Migration already effectively installed (skipped): \phpbb\db\migration\data\v330\add_display_unapproved_posts_config
[DEBUG] Apply dependencies of \phpbb\db\migration\data\v330\v330b1.
[DEBUG] Apply dependencies of \phpbb\db\migration\data\v32x\v328.
[DEBUG] Migration already effectively installed (skipped): \phpbb\db\migration\data\v32x\v328
[DEBUG] Migration already effectively installed (skipped): \phpbb\db\migration\data\v330\add_display_unapproved_posts_config
[DEBUG] Apply dependencies of \phpbb\db\migration\data\v330\v330b1.
[DEBUG] Installing Schema: \phpbb\db\migration\data\v330\v330b1.
[INFO] Installed Schema: \phpbb\db\migration\data\v330\v330b1; Time: 0.00 seconds
[DEBUG] Migration already effectively installed (skipped): \phpbb\db\migration\data\v330\add_display_unapproved_posts_config
[DEBUG] Apply dependencies of \phpbb\db\migration\data\v330\v330b1.
[DEBUG] Installing Data: \phpbb\db\migration\data\v330\v330b1.
[INFO] Installed Data: \phpbb\db\migration\data\v330\v330b1; Time: 0.01 seconds
[DEBUG] Migration already effectively installed (skipped): \phpbb\db\migration\data\v330\add_display_unapproved_posts_config
[DEBUG] Migration already effectively installed (skipped): \phpbb\db\migration\data\v330\v330b1
[DEBUG] Migration already effectively installed (skipped): \phpbb\db\migration\data\v330\remove_attachment_flash
[DEBUG] Migration already effectively installed (skipped): \phpbb\db\migration\data\v330\remove_max_pass_chars
[DEBUG] Apply dependencies of \phpbb\db\migration\data\v330\v330.
[DEBUG] Apply dependencies of \phpbb\db\migration\data\v32x\v329.
[DEBUG] Apply dependencies of \phpbb\db\migration\data\v32x\v329rc1.
[DEBUG] Migration already effectively installed (skipped): \phpbb\db\migration\data\v32x\v329rc1
[DEBUG] Migration already effectively installed (skipped): \phpbb\db\migration\data\v330\add_display_unapproved_posts_config
[DEBUG] Migration already effectively installed (skipped): \phpbb\db\migration\data\v330\v330b1
[DEBUG] Migration already effectively installed (skipped): \phpbb\db\migration\data\v330\remove_attachment_flash
[DEBUG] Migration already effectively installed (skipped): \phpbb\db\migration\data\v330\remove_max_pass_chars
[DEBUG] Apply dependencies of \phpbb\db\migration\data\v330\v330.
[DEBUG] Apply dependencies of \phpbb\db\migration\data\v32x\v329.
[DEBUG] Apply dependencies of \phpbb\db\migration\data\v32x\user_emoji_permission.
[DEBUG] Installing Schema: \phpbb\db\migration\data\v32x\user_emoji_permission.
[INFO] Installed Schema: \phpbb\db\migration\data\v32x\user_emoji_permission; Time: 0.00 seconds
[DEBUG] Migration already effectively installed (skipped): \phpbb\db\migration\data\v330\add_display_unapproved_posts_config
[DEBUG] Migration already effectively installed (skipped): \phpbb\db\migration\data\v330\v330b1
[DEBUG] Migration already effectively installed (skipped): \phpbb\db\migration\data\v330\remove_attachment_flash
[DEBUG] Migration already effectively installed (skipped): \phpbb\db\migration\data\v330\remove_max_pass_chars
[DEBUG] Apply dependencies of \phpbb\db\migration\data\v330\v330.
[DEBUG] Apply dependencies of \phpbb\db\migration\data\v32x\v329.
[DEBUG] Apply dependencies of \phpbb\db\migration\data\v32x\user_emoji_permission.
[DEBUG] Installing Data: \phpbb\db\migration\data\v32x\user_emoji_permission.
[DEBUG] Installing Data: \phpbb\db\migration\data\v32x\user_emoji_permission; Time: 0.29 seconds
[DEBUG] Migration already effectively installed (skipped): \phpbb\db\migration\data\v330\add_display_unapproved_posts_config
[DEBUG] Migration already effectively installed (skipped): \phpbb\db\migration\data\v330\v330b1
[DEBUG] Migration already effectively installed (skipped): \phpbb\db\migration\data\v330\remove_attachment_flash
[DEBUG] Migration already effectively installed (skipped): \phpbb\db\migration\data\v330\remove_max_pass_chars
[DEBUG] Apply dependencies of \phpbb\db\migration\data\v330\v330.
[DEBUG] Apply dependencies of \phpbb\db\migration\data\v32x\v329.
[DEBUG] Apply dependencies of \phpbb\db\migration\data\v32x\user_emoji_permission.
[DEBUG] Installing Data: \phpbb\db\migration\data\v32x\user_emoji_permission.
[INFO] Installed Data: \phpbb\db\migration\data\v32x\user_emoji_permission; Time: 0.57 seconds
[DEBUG] Migration already effectively installed (skipped): \phpbb\db\migration\data\v330\add_display_unapproved_posts_config
[DEBUG] Migration already effectively installed (skipped): \phpbb\db\migration\data\v330\v330b1
[DEBUG] Migration already effectively installed (skipped): \phpbb\db\migration\data\v330\remove_attachment_flash
[DEBUG] Migration already effectively installed (skipped): \phpbb\db\migration\data\v330\remove_max_pass_chars
[DEBUG] Apply dependencies of \phpbb\db\migration\data\v330\v330.
[DEBUG] Apply dependencies of \phpbb\db\migration\data\v32x\v329.
[DEBUG] Migration already effectively installed (skipped): \phpbb\db\migration\data\v32x\v329
[DEBUG] Migration already effectively installed (skipped): \phpbb\db\migration\data\v330\add_display_unapproved_posts_config
[DEBUG] Migration already effectively installed (skipped): \phpbb\db\migration\data\v330\v330b1
[DEBUG] Migration already effectively installed (skipped): \phpbb\db\migration\data\v330\remove_attachment_flash
[DEBUG] Migration already effectively installed (skipped): \phpbb\db\migration\data\v330\remove_max_pass_chars
[DEBUG] Apply dependencies of \phpbb\db\migration\data\v330\v330.
[DEBUG] Apply dependencies of \phpbb\db\migration\data\v330\v330rc1.
[DEBUG] Apply dependencies of \phpbb\db\migration\data\v330\v330b2.
[DEBUG] Apply dependencies of \phpbb\db\migration\data\v330\forums_legend_limit.
[DEBUG] Installing Schema: \phpbb\db\migration\data\v330\forums_legend_limit.
[INFO] Installed Schema: \phpbb\db\migration\data\v330\forums_legend_limit; Time: 0.19 seconds
[DEBUG] Migration already effectively installed (skipped): \phpbb\db\migration\data\v330\add_display_unapproved_posts_config
[DEBUG] Migration already effectively installed (skipped): \phpbb\db\migration\data\v330\v330b1
[DEBUG] Migration already effectively installed (skipped): \phpbb\db\migration\data\v330\remove_attachment_flash
[DEBUG] Migration already effectively installed (skipped): \phpbb\db\migration\data\v330\remove_max_pass_chars
[DEBUG] Apply dependencies of \phpbb\db\migration\data\v330\v330.
[DEBUG] Apply dependencies of \phpbb\db\migration\data\v330\v330rc1.
[DEBUG] Apply dependencies of \phpbb\db\migration\data\v330\v330b2.
[DEBUG] Apply dependencies of \phpbb\db\migration\data\v330\forums_legend_limit.
[DEBUG] Installing Data: \phpbb\db\migration\data\v330\forums_legend_limit.
[INFO] Installed Data: \phpbb\db\migration\data\v330\forums_legend_limit; Time: 0.00 seconds
[DEBUG] Migration already effectively installed (skipped): \phpbb\db\migration\data\v330\add_display_unapproved_posts_config
[DEBUG] Migration already effectively installed (skipped): \phpbb\db\migration\data\v330\v330b1
[DEBUG] Migration already effectively installed (skipped): \phpbb\db\migration\data\v330\remove_attachment_flash
[DEBUG] Migration already effectively installed (skipped): \phpbb\db\migration\data\v330\remove_max_pass_chars
[DEBUG] Apply dependencies of \phpbb\db\migration\data\v330\v330.
[DEBUG] Apply dependencies of \phpbb\db\migration\data\v330\v330rc1.
[DEBUG] Apply dependencies of \phpbb\db\migration\data\v330\v330b2.
[DEBUG] Apply dependencies of \phpbb\db\migration\data\v330\remove_email_hash.
[DEBUG] Installing Schema: \phpbb\db\migration\data\v330\remove_email_hash.
[DEBUG] Installing Schema: \phpbb\db\migration\data\v330\remove_email_hash; Time: 0.02 seconds
[DEBUG] Migration already effectively installed (skipped): \phpbb\db\migration\data\v330\add_display_unapproved_posts_config
[DEBUG] Migration already effectively installed (skipped): \phpbb\db\migration\data\v330\v330b1
[DEBUG] Migration already effectively installed (skipped): \phpbb\db\migration\data\v330\remove_attachment_flash
[DEBUG] Migration already effectively installed (skipped): \phpbb\db\migration\data\v330\remove_max_pass_chars
[DEBUG] Apply dependencies of \phpbb\db\migration\data\v330\v330.
[DEBUG] Apply dependencies of \phpbb\db\migration\data\v330\v330rc1.
[DEBUG] Apply dependencies of \phpbb\db\migration\data\v330\v330b2.
[DEBUG] Apply dependencies of \phpbb\db\migration\data\v330\remove_email_hash.
[DEBUG] Installing Schema: \phpbb\db\migration\data\v330\remove_email_hash.
[DEBUG] Installing Schema: \phpbb\db\migration\data\v330\remove_email_hash; Time: 7.82 seconds
